<?xml version="1.0" encoding="UTF-8"?>
<testsuite xmlns:xsi="http://www.w3.org/2001/XMLSchema-instance" xsi:noNamespaceSchemaLocation="https://maven.apache.org/surefire/maven-surefire-plugin/xsd/surefire-test-report-3.0.xsd" version="3.0" name="TestSuite" time="270.846" tests="7" errors="0" skipped="0" failures="1">
  <properties>
[...]
</properties>
  <testcase name="blockBT" classname="com.communitake.tests.automation.gms.FacilitiesTests" time="34.242">
    <system-out><![CDATA[&amp#27;[35m[Appium]&amp#27;[39m Welcome to Appium v1.19.1
&amp#27;[35m[Appium]&amp#27;[39m Appium REST http interface listener started on 0.0.0.0:4723
&amp#27;[35m[HTTP]&amp#27;[39m &amp#27;[37m-->&amp#27;[39m &amp#27;[37mGET&amp#27;[39m &amp#27;[37m/wd/hub/status&amp#27;[39m
&amp#27;[35m[HTTP]&amp#27;[39m &amp#27;[90m{}&amp#27;[39m
[debug] &amp#27;[35m[GENERIC]&amp#27;[39m Calling AppiumDriver.getStatus() with args: []
[debug] &amp#27;[35m[GENERIC]&amp#27;[39m Responding to client with driver.getStatus() result: {"build":{"version":"1.19.1"}}
&amp#27;[35m[HTTP]&amp#27;[39m &amp#27;[37m<-- GET /wd/hub/status &amp#27;[39m&amp#27;[32m200&amp#27;[39m &amp#27;[90m4 ms - 68&amp#27;[39m
&amp#27;[35m[HTTP]&amp#27;[39m &amp#27;[90m&amp#27;[39m
&amp#27;[35m[HTTP]&amp#27;[39m &amp#27;[37m-->&amp#27;[39m &amp#27;[37mPOST&amp#27;[39m &amp#27;[37m/wd/hub/session&amp#27;[39m
&amp#27;[35m[HTTP]&amp#27;[39m &amp#27;[90m{"desiredCapabilities":{"appActivity":"com.communitake.mdc.SplashScreen","appPackage":"com.communitake.mdc.supportsip","noReset":"true","platformVersion":"9","automationName":"UiAutomator1","browserName":"","platformName":"Android","udid":"CTGED020000261","deviceName":"CTGED02"},"capabilities":{"firstMatch":[{"appium:appActivity":"com.communitake.mdc.SplashScreen","appium:appPackage":"com.communitake.mdc.supportsip","appium:automationName":"UiAutomator1","browserName":"","appium:deviceName":"CTGED02","appium:noReset":"true","platformName":"android","appium:platformVersion":"9","appium:udid":"CTGED020000261"}]}}&amp#27;[39m
[debug] &amp#27;[35m[W3C]&amp#27;[39m Calling AppiumDriver.createSession() with args: [{"appActivity":"com.communitake.mdc.SplashScreen","appPackage":"com.communitake.mdc.supportsip","noReset":"true","platformVersion":"9","automationName":"UiAutomator1","browserName":"","platformName":"Android","udid":"CTGED020000261","deviceName":"CTGED02"},null,{"firstMatch":[{"appium:appActivity":"com.communitake.mdc.SplashScreen","appium:appPackage":"com.communitake.mdc.supportsip","appium:automationName":"UiAutomator1","browserName":"","appium:deviceName":"CTGED02","appium:noReset":"true","platformName":"android","appium:platformVersion":"9","appium:udid":"CTGED020000261"}]}]
[debug] &amp#27;[35m[BaseDriver]&amp#27;[39m Event 'newSessionRequested' logged at 1609740175487 (08:02:55 GMT+0200 (Israel Standard Time))
&amp#27;[35m[Appium]&amp#27;[39m Appium v1.19.1 creating new AndroidDriver (v4.41.0) session
[debug] &amp#27;[35m[BaseDriver]&amp#27;[39m W3C capabilities and MJSONWP desired capabilities were provided
[debug] &amp#27;[35m[BaseDriver]&amp#27;[39m Creating session with W3C capabilities: {
[debug] &amp#27;[35m[BaseDriver]&amp#27;[39m   "alwaysMatch": {
[debug] &amp#27;[35m[BaseDriver]&amp#27;[39m     "browserName": "",
[debug] &amp#27;[35m[BaseDriver]&amp#27;[39m     "platformName": "android",
[debug] &amp#27;[35m[BaseDriver]&amp#27;[39m     "appium:appActivity": "com.communitake.mdc.SplashScreen",
[debug] &amp#27;[35m[BaseDriver]&amp#27;[39m     "appium:appPackage": "com.communitake.mdc.supportsip",
[debug] &amp#27;[35m[BaseDriver]&amp#27;[39m     "appium:automationName": "UiAutomator1",
[debug] &amp#27;[35m[BaseDriver]&amp#27;[39m     "appium:deviceName": "CTGED02",
[debug] &amp#27;[35m[BaseDriver]&amp#27;[39m     "appium:noReset": "true",
[debug] &amp#27;[35m[BaseDriver]&amp#27;[39m     "appium:platformVersion": "9",
[debug] &amp#27;[35m[BaseDriver]&amp#27;[39m     "appium:udid": "CTGED020000261"
[debug] &amp#27;[35m[BaseDriver]&amp#27;[39m   },
[debug] &amp#27;[35m[BaseDriver]&amp#27;[39m   "firstMatch": [
[debug] &amp#27;[35m[BaseDriver]&amp#27;[39m     {}
[debug] &amp#27;[35m[BaseDriver]&amp#27;[39m   ]
[debug] &amp#27;[35m[BaseDriver]&amp#27;[39m }
&amp#27;[35m[BaseDriver]&amp#27;[39m Capability 'noReset' changed from string to boolean. This may cause unexpected behavior
&amp#27;[35m[BaseDriver]&amp#27;[39m Session created with session id: 5cd22c4d-4e8c-4cc4-9b1e-bd37693ac2e2
&amp#27;[35m[ADB]&amp#27;[39m Found 1 'build-tools' folders under 'C:\Users\Nissim Automation\AppData\Local\Android\Sdk' (newest first):
&amp#27;[35m[ADB]&amp#27;[39m     C:/Users/Nissim Automation/AppData/Local/Android/Sdk/build-tools/30.0.3
&amp#27;[35m[ADB]&amp#27;[39m Using 'adb.exe' from 'C:\Users\Nissim Automation\AppData\Local\Android\Sdk\platform-tools\adb.exe'
[debug] &amp#27;[35m[ADB]&amp#27;[39m Running 'C:\Users\Nissim Automation\AppData\Local\Android\Sdk\platform-tools\adb.exe -P 5037 start-server'
&amp#27;[35m[AndroidDriver]&amp#27;[39m Retrieving device list
[debug] &amp#27;[35m[ADB]&amp#27;[39m Trying to find a connected android device
[debug] &amp#27;[35m[ADB]&amp#27;[39m Getting connected devices
[debug] &amp#27;[35m[ADB]&amp#27;[39m Connected devices: [{"udid":"CTGED020000261","state":"device"}]
&amp#27;[35m[AndroidDriver]&amp#27;[39m Using device: CTGED020000261
&amp#27;[35m[ADB]&amp#27;[39m Using 'adb.exe' from 'C:\Users\Nissim Automation\AppData\Local\Android\Sdk\platform-tools\adb.exe'
[debug] &amp#27;[35m[ADB]&amp#27;[39m Running 'C:\Users\Nissim Automation\AppData\Local\Android\Sdk\platform-tools\adb.exe -P 5037 start-server'
[debug] &amp#27;[35m[ADB]&amp#27;[39m Setting device id to CTGED020000261
[debug] &amp#27;[35m[ADB]&amp#27;[39m Running 'C:\Users\Nissim Automation\AppData\Local\Android\Sdk\platform-tools\adb.exe -P 5037 -s CTGED020000261 shell getprop ro.build.version.sdk'
[debug] &amp#27;[35m[ADB]&amp#27;[39m Current device property 'ro.build.version.sdk': 28
&amp#27;[35m[ADB]&amp#27;[39m Getting device platform version
[debug] &amp#27;[35m[ADB]&amp#27;[39m Running 'C:\Users\Nissim Automation\AppData\Local\Android\Sdk\platform-tools\adb.exe -P 5037 -s CTGED020000261 shell getprop ro.build.version.release'
[debug] &amp#27;[35m[ADB]&amp#27;[39m Current device property 'ro.build.version.release': 9
[debug] &amp#27;[35m[ADB]&amp#27;[39m Device API level: 28
&amp#27;[35m[AndroidDriver]&amp#27;[39m Consider setting 'automationName' capability to 'uiautomator2' on Android >= 6, since UIAutomator framework is not maintained anymore by the OS vendor.
&amp#27;[35m[AndroidDriver]&amp#27;[39m App file was not listed, instead we're going to run com.communitake.mdc.supportsip directly on the device
[debug] &amp#27;[35m[AndroidDriver]&amp#27;[39m Checking whether package is present on the device
[debug] &amp#27;[35m[ADB]&amp#27;[39m Running 'C:\Users\Nissim Automation\AppData\Local\Android\Sdk\platform-tools\adb.exe -P 5037 -s CTGED020000261 shell pm list packages com.communitake.mdc.supportsip'
&amp#27;[35m[AndroidDriver]&amp#27;[39m Starting Android session
[debug] &amp#27;[35m[ADB]&amp#27;[39m Running 'C:\Users\Nissim Automation\AppData\Local\Android\Sdk\platform-tools\adb.exe -P 5037 -s CTGED020000261 wait-for-device'
[debug] &amp#27;[35m[ADB]&amp#27;[39m Running 'C:\Users\Nissim Automation\AppData\Local\Android\Sdk\platform-tools\adb.exe -P 5037 -s CTGED020000261 shell echo ping'
[debug] &amp#27;[35m[AndroidDriver]&amp#27;[39m Pushing settings apk to device...
[debug] &amp#27;[35m[ADB]&amp#27;[39m Getting install status for io.appium.settings
[debug] &amp#27;[35m[ADB]&amp#27;[39m Running 'C:\Users\Nissim Automation\AppData\Local\Android\Sdk\platform-tools\adb.exe -P 5037 -s CTGED020000261 shell dumpsys package io.appium.settings'
[debug] &amp#27;[35m[ADB]&amp#27;[39m 'io.appium.settings' is installed
[debug] &amp#27;[35m[ADB]&amp#27;[39m Getting package info for 'io.appium.settings'
[debug] &amp#27;[35m[ADB]&amp#27;[39m Running 'C:\Users\Nissim Automation\AppData\Local\Android\Sdk\platform-tools\adb.exe -P 5037 -s CTGED020000261 shell dumpsys package io.appium.settings'
[debug] &amp#27;[35m[ADB]&amp#27;[39m The version name of the installed 'io.appium.settings' is greater or equal to the application version name ('3.2.1' >= '3.2.1')
[debug] &amp#27;[35m[ADB]&amp#27;[39m There is no need to install/upgrade 'C:\Users\Nissim Automation\AppData\Roaming\npm\node_modules\appium\node_modules\io.appium.settings\apks\settings_apk-debug.apk'
[debug] &amp#27;[35m[ADB]&amp#27;[39m Getting IDs of all 'io.appium.settings' processes
[debug] &amp#27;[35m[ADB]&amp#27;[39m Running 'C:\Users\Nissim Automation\AppData\Local\Android\Sdk\platform-tools\adb.exe -P 5037 -s CTGED020000261 shell 'pgrep --help; echo $?''
[debug] &amp#27;[35m[ADB]&amp#27;[39m Running 'C:\Users\Nissim Automation\AppData\Local\Android\Sdk\platform-tools\adb.exe -P 5037 -s CTGED020000261 shell pgrep -f \(\[\[:blank:\]\]\|\^\)io\.appium\.settings\(\[\[:blank:\]\]\|\$\)'
[debug] &amp#27;[35m[AndroidDriver]&amp#27;[39m io.appium.settings is already running. There is no need to reset its permissions.
[debug] &amp#27;[35m[ADB]&amp#27;[39m Running 'C:\Users\Nissim Automation\AppData\Local\Android\Sdk\platform-tools\adb.exe -P 5037 -s CTGED020000261 shell appops set io.appium.settings android:mock_location allow'
[debug] &amp#27;[35m[Logcat]&amp#27;[39m Starting logs capture with command: 'C:\\Users\\Nissim Automation\\AppData\\Local\\Android\\Sdk\\platform-tools\\adb.exe' -P 5037 -s CTGED020000261 logcat -v threadtime
&amp#27;[35m[ADB]&amp#27;[39m Getting device platform version
[debug] &amp#27;[35m[ADB]&amp#27;[39m Running 'C:\Users\Nissim Automation\AppData\Local\Android\Sdk\platform-tools\adb.exe -P 5037 -s CTGED020000261 shell getprop ro.build.version.release'
[debug] &amp#27;[35m[ADB]&amp#27;[39m Current device property 'ro.build.version.release': 9
[debug] &amp#27;[35m[ADB]&amp#27;[39m Running 'C:\Users\Nissim Automation\AppData\Local\Android\Sdk\platform-tools\adb.exe -P 5037 -s CTGED020000261 shell wm size'
[debug] &amp#27;[35m[ADB]&amp#27;[39m Running 'C:\Users\Nissim Automation\AppData\Local\Android\Sdk\platform-tools\adb.exe -P 5037 -s CTGED020000261 shell getprop ro.product.model'
[debug] &amp#27;[35m[ADB]&amp#27;[39m Current device property 'ro.product.model': CTGED02
[debug] &amp#27;[35m[ADB]&amp#27;[39m Running 'C:\Users\Nissim Automation\AppData\Local\Android\Sdk\platform-tools\adb.exe -P 5037 -s CTGED020000261 shell getprop ro.product.manufacturer'
[debug] &amp#27;[35m[ADB]&amp#27;[39m Current device property 'ro.product.manufacturer': sanmu
&amp#27;[35m[AndroidDriver]&amp#27;[39m No app sent in, not parsing package/activity
[debug] &amp#27;[35m[AndroidDriver]&amp#27;[39m No app capability. Assuming it is already on the device
[debug] &amp#27;[35m[AndroidBootstrap]&amp#27;[39m Watching for bootstrap disconnect
[debug] &amp#27;[35m[ADB]&amp#27;[39m Forwarding system: 4724 to device: 4724
[debug] &amp#27;[35m[ADB]&amp#27;[39m Running 'C:\Users\Nissim Automation\AppData\Local\Android\Sdk\platform-tools\adb.exe -P 5037 -s CTGED020000261 forward tcp:4724 tcp:4724'
[debug] &amp#27;[35m[UiAutomator]&amp#27;[39m Starting UiAutomator
[debug] &amp#27;[35m[UiAutomator]&amp#27;[39m Moving to state 'starting'
[debug] &amp#27;[35m[UiAutomator]&amp#27;[39m Parsing uiautomator jar
[debug] &amp#27;[35m[UiAutomator]&amp#27;[39m Found jar name: 'AppiumBootstrap.jar'
[debug] &amp#27;[35m[ADB]&amp#27;[39m Running 'C:\Users\Nissim Automation\AppData\Local\Android\Sdk\platform-tools\adb.exe -P 5037 -s CTGED020000261 shell mkdir -p /data/local'
[debug] &amp#27;[35m[ADB]&amp#27;[39m Running 'C:\Users\Nissim Automation\AppData\Local\Android\Sdk\platform-tools\adb.exe -P 5037 -s CTGED020000261 push 'C:\\Users\\Nissim Automation\\AppData\\Roaming\\npm\\node_modules\\appium\\node_modules\\appium-android-driver\\bootstrap\\bin\\AppiumBootstrap.jar' /data/local/tmp/'
[debug] &amp#27;[35m[ADB]&amp#27;[39m Attempting to kill all uiautomator processes
[debug] &amp#27;[35m[ADB]&amp#27;[39m Getting IDs of all 'uiautomator' processes
[debug] &amp#27;[35m[ADB]&amp#27;[39m Running 'C:\Users\Nissim Automation\AppData\Local\Android\Sdk\platform-tools\adb.exe -P 5037 -s CTGED020000261 shell pgrep -f \(\[\[:blank:\]\]\|\^\)uiautomator\(\[\[:blank:\]\]\|\$\)'
&amp#27;[35m[ADB]&amp#27;[39m No 'uiautomator' process has been found
[debug] &amp#27;[35m[UiAutomator]&amp#27;[39m Starting UIAutomator
[debug] &amp#27;[35m[ADB]&amp#27;[39m Creating ADB subprocess with args: ["-P",5037,"-s","CTGED020000261","shell","uiautomator","runtest","AppiumBootstrap.jar","-c","io.appium.android.bootstrap.Bootstrap","-e","pkg","com.communitake.mdc.supportsip","-e","disableAndroidWatchers",false,"-e","acceptSslCerts",false]
[debug] &amp#27;[35m[UiAutomator]&amp#27;[39m Moving to state 'online'
[debug] &amp#27;[35m[AndroidBootstrap]&amp#27;[39m [BOOTSTRAP LOG] [debug] Registered crash watchers.
&amp#27;[35m[AndroidBootstrap]&amp#27;[39m Android bootstrap socket is now connected
[debug] &amp#27;[35m[ADB]&amp#27;[39m Running 'C:\Users\Nissim Automation\AppData\Local\Android\Sdk\platform-tools\adb.exe -P 5037 -s CTGED020000261 shell dumpsys window'
[debug] &amp#27;[35m[AndroidBootstrap]&amp#27;[39m [BOOTSTRAP LOG] [debug] Client connected
&amp#27;[35m[AndroidDriver]&amp#27;[39m Screen already unlocked, doing nothing
[debug] &amp#27;[35m[ADB]&amp#27;[39m Running 'C:\Users\Nissim Automation\AppData\Local\Android\Sdk\platform-tools\adb.exe -P 5037 -s CTGED020000261 shell am start -W -n com.communitake.mdc.supportsip/com.communitake.mdc.SplashScreen -S -a android.intent.action.MAIN -c android.intent.category.LAUNCHER -f 0x10200000'
&amp#27;[35m[Appium]&amp#27;[39m New AndroidDriver session created successfully, session 5cd22c4d-4e8c-4cc4-9b1e-bd37693ac2e2 added to master session list
[debug] &amp#27;[35m[BaseDriver]&amp#27;[39m Event 'newSessionStarted' logged at 1609740180533 (08:03:00 GMT+0200 (Israel Standard Time))
[debug] &amp#27;[35m[W3C (5cd22c4d)]&amp#27;[39m Cached the protocol value 'W3C' for the new session 5cd22c4d-4e8c-4cc4-9b1e-bd37693ac2e2
[debug] &amp#27;[35m[W3C (5cd22c4d)]&amp#27;[39m Responding to client with driver.createSession() result: {"capabilities":{"platform":"LINUX","webStorageEnabled":false,"takesScreenshot":true,"javascriptEnabled":true,"databaseEnabled":false,"networkConnectionEnabled":true,"locationContextEnabled":false,"warnings":{},"desired":{"browserName":"","platformName":"android","appActivity":"com.communitake.mdc.SplashScreen","appPackage":"com.communitake.mdc.supportsip","automationName":"UiAutomator1","deviceName":"CTGED02","noReset":true,"platformVersion":"9","udid":"CTGED020000261"},"browserName":"","platformName":"android","appActivity":"com.communitake.mdc.SplashScreen","appPackage":"com.communitake.mdc.supportsip","automationName":"UiAutomator1","deviceName":"CTGED020000261","noReset":true,"platformVersion":"9","udid":"CTGED020000261","deviceUDID":"CTGED020000261","deviceScreenSize":"720x1440","deviceModel":"CTGED02","deviceManufacturer":"sanmu"}}
&amp#27;[35m[HTTP]&amp#27;[39m &amp#27;[37m<-- POST /wd/hub/session &amp#27;[39m&amp#27;[32m200&amp#27;[39m &amp#27;[90m5049 ms - 911&amp#27;[39m
&amp#27;[35m[HTTP]&amp#27;[39m &amp#27;[90m&amp#27;[39m
&amp#27;[35m[HTTP]&amp#27;[39m &amp#27;[37m-->&amp#27;[39m &amp#27;[37mGET&amp#27;[39m &amp#27;[37m/wd/hub/status&amp#27;[39m
&amp#27;[35m[HTTP]&amp#27;[39m &amp#27;[90m{}&amp#27;[39m
[debug] &amp#27;[35m[GENERIC]&amp#27;[39m Calling AppiumDriver.getStatus() with args: []
[debug] &amp#27;[35m[GENERIC]&amp#27;[39m Responding to client with driver.getStatus() result: {"build":{"version":"1.19.1"}}
&amp#27;[35m[HTTP]&amp#27;[39m &amp#27;[37m<-- GET /wd/hub/sttrue
atus &amp#27;[39m&amp#27;[32m200&amp#27;[39m &amp#27;[90m1 ms - 68&amp#27;[39m
&amp#27;[35m[HTTP]&amp#27;[39m &amp#27;[90m&amp#27;[39m
&amp#27;[35m[HTTP]&amp#27;[39m &amp#27;[37m-->&amp#27;[39m &amp#27;[37mPOST&amp#27;[39m &amp#27;[37m/wd/hub/session/5cd22c4d-4e8c-4cc4-9b1e-bd37693ac2e2/timeouts&amp#27;[39m
&amp#27;[35m[HTTP]&amp#27;[39m &amp#27;[90m{"implicit":10000}&amp#27;[39m
[debug] &amp#27;[35m[W3C (5cd22c4d)]&amp#27;[39m Calling AppiumDriver.timeouts() with args: [null,null,null,null,10000,"5cd22c4d-4e8c-4cc4-9b1e-bd37693ac2e2"]
[debug] &amp#27;[35m[BaseDriver]&amp#27;[39m W3C timeout argument: {"implicit":10000}}
[debug] &amp#27;[35m[BaseDriver]&amp#27;[39m Set implicit wait to 10000ms
[debug] &amp#27;[35m[W3C (5cd22c4d)]&amp#27;[39m Responding to client with driver.timeouts() result: null
&amp#27;[35m[HTTP]&amp#27;[39m &amp#27;[37m<-- POST /wd/hub/session/5cd22c4d-4e8c-4cc4-9b1e-bd37693ac2e2/timeouts &amp#27;[39m&amp#27;[32m200&amp#27;[39m &amp#27;[90m2 ms - 14&amp#27;[39m
&amp#27;[35m[HTTP]&amp#27;[39m &amp#27;[90m&amp#27;[39m
&amp#27;[35m[HTTP]&amp#27;[39m &amp#27;[37m-->&amp#27;[39m &amp#27;[37mGET&amp#27;[39m &amp#27;[37m/wd/hub/status&amp#27;[39m
&amp#27;[35m[HTTP]&amp#27;[39m &amp#27;[90m{}&amp#27;[39m
[debug] &amp#27;[35m[GENERIC]&amp#27;[39m Calling AppiumDriver.getStatus() with args: []
[debug] &amp#27;[35m[GENERIC]&amp#27;[39m Responding to client with driver.getStatus() result: {"build":{"version":"1.19.1"}}
&amp#27;[35m[HTTP]&amp#27;[39m &amp#27;[37m<-- GET /wd/hub/status &amp#27;[39m&amp#27;[32m200&amp#27;[39m &amp#27;[90m1 ms - 68&amp#27;[39m
&amp#27;[35m[HTTP]&amp#27;[39m &amp#27;[90m&amp#27;[39m
&amp#27;[35m[HTTP]&amp#27;[39m &amp#27;[37m-->&amp#27;[39m &amp#27;[37mPOST&amp#27;[39m &amp#27;[37m/wd/hub/session&amp#27;[39m
&amp#27;[35m[HTTP]&amp#27;[39m &amp#27;[90m{"desiredCapabilities":{"appActivity":"com.communitake.mdc.SplashScreen","appPackage":"com.communitake.mdc.supportsip","noReset":"true","platformVersion":"9","automationName":"UiAutomator1","browserName":"","platformName":"Android","udid":"CTGED020000261","deviceName":"CTGED02"},"capabilities":{"firstMatch":[{"appium:appActivity":"com.communitake.mdc.SplashScreen","appium:appPackage":"com.communitake.mdc.supportsip","appium:automationName":"UiAutomator1","browserName":"","appium:deviceName":"CTGED02","appium:noReset":"true","platformName":"android","appium:platformVersion":"9","appium:udid":"CTGED020000261"}]}}&amp#27;[39m
[debug] &amp#27;[35m[W3C]&amp#27;[39m Calling AppiumDriver.createSession() with args: [{"appActivity":"com.communitake.mdc.SplashScreen","appPackage":"com.communitake.mdc.supportsip","noReset":"true","platformVersion":"9","automationName":"UiAutomator1","browserName":"","platformName":"Android","udid":"CTGED020000261","deviceName":"CTGED02"},null,{"firstMatch":[{"appium:appActivity":"com.communitake.mdc.SplashScreen","appium:appPackage":"com.communitake.mdc.supportsip","appium:automationName":"UiAutomator1","browserName":"","appium:deviceName":"CTGED02","appium:noReset":"true","platformName":"android","appium:platformVersion":"9","appium:udid":"CTGED020000261"}]}]
[debug] &amp#27;[35m[BaseDriver]&amp#27;[39m Event 'newSessionRequested' logged at 1609740190764 (08:03:10 GMT+0200 (Israel Standard Time))
&amp#27;[35m[Appium]&amp#27;[39m Appium v1.19.1 creating new AndroidDriver (v4.41.0) session
[debug] &amp#27;[35m[BaseDriver]&amp#27;[39m W3C capabilities and MJSONWP desired capabilities were provided
[debug] &amp#27;[35m[BaseDriver]&amp#27;[39m Creating session with W3C capabilities: {
[debug] &amp#27;[35m[BaseDriver]&amp#27;[39m   "alwaysMatch": {
[debug] &amp#27;[35m[BaseDriver]&amp#27;[39m     "browserName": "",
[debug] &amp#27;[35m[BaseDriver]&amp#27;[39m     "platformName": "android",
[debug] &amp#27;[35m[BaseDriver]&amp#27;[39m     "appium:appActivity": "com.communitake.mdc.SplashScreen",
[debug] &amp#27;[35m[BaseDriver]&amp#27;[39m     "appium:appPackage": "com.communitake.mdc.supportsip",
[debug] &amp#27;[35m[BaseDriver]&amp#27;[39m     "appium:automationName": "UiAutomator1",
[debug] &amp#27;[35m[BaseDriver]&amp#27;[39m     "appium:deviceName": "CTGED02",
[debug] &amp#27;[35m[BaseDriver]&amp#27;[39m     "appium:noReset": "true",
[debug] &amp#27;[35m[BaseDriver]&amp#27;[39m     "appium:platformVersion": "9",
[debug] &amp#27;[35m[BaseDriver]&amp#27;[39m     "appium:udid": "CTGED020000261"
[debug] &amp#27;[35m[BaseDriver]&amp#27;[39m   },
[debug] &amp#27;[35m[BaseDriver]&amp#27;[39m   "firstMatch": [
[debug] &amp#27;[35m[BaseDriver]&amp#27;[39m     {}
[debug] &amp#27;[35m[BaseDriver]&amp#27;[39m   ]
[debug] &amp#27;[35m[BaseDriver]&amp#27;[39m }
&amp#27;[35m[BaseDriver]&amp#27;[39m Capability 'noReset' changed from string to boolean. This may cause unexpected behavior
&amp#27;[35m[BaseDriver]&amp#27;[39m Session created with session id: 23670370-4a0e-433c-b64b-e1940a9176a9
&amp#27;[35m[ADB]&amp#27;[39m Using 'adb.exe' from 'C:\Users\Nissim Automation\AppData\Local\Android\Sdk\platform-tools\adb.exe'
[debug] &amp#27;[35m[ADB]&amp#27;[39m Running 'C:\Users\Nissim Automation\AppData\Local\Android\Sdk\platform-tools\adb.exe -P 5037 start-server'
&amp#27;[35m[AndroidDriver]&amp#27;[39m Retrieving device list
[debug] &amp#27;[35m[ADB]&amp#27;[39m Trying to find a connected android device
[debug] &amp#27;[35m[ADB]&amp#27;[39m Getting connected devices
[debug] &amp#27;[35m[ADB]&amp#27;[39m Connected devices: [{"udid":"CTGED020000261","state":"device"}]
&amp#27;[35m[AndroidDriver]&amp#27;[39m Using device: CTGED020000261
&amp#27;[35m[ADB]&amp#27;[39m Using 'adb.exe' from 'C:\Users\Nissim Automation\AppData\Local\Android\Sdk\platform-tools\adb.exe'
[debug] &amp#27;[35m[ADB]&amp#27;[39m Running 'C:\Users\Nissim Automation\AppData\Local\Android\Sdk\platform-tools\adb.exe -P 5037 start-server'
[debug] &amp#27;[35m[ADB]&amp#27;[39m Setting device id to CTGED020000261
[debug] &amp#27;[35m[ADB]&amp#27;[39m Running 'C:\Users\Nissim Automation\AppData\Local\Android\Sdk\platform-tools\adb.exe -P 5037 -s CTGED020000261 shell getprop ro.build.version.sdk'
[debug] &amp#27;[35m[ADB]&amp#27;[39m Current device property 'ro.build.version.sdk': 28
&amp#27;[35m[ADB]&amp#27;[39m Getting device platform version
[debug] &amp#27;[35m[ADB]&amp#27;[39m Running 'C:\Users\Nissim Automation\AppData\Local\Android\Sdk\platform-tools\adb.exe -P 5037 -s CTGED020000261 shell getprop ro.build.version.release'
[debug] &amp#27;[35m[ADB]&amp#27;[39m Current device property 'ro.build.version.release': 9
[debug] &amp#27;[35m[ADB]&amp#27;[39m Device API level: 28
&amp#27;[35m[AndroidDriver]&amp#27;[39m Consider setting 'automationName' capability to 'uiautomator2' on Android >= 6, since UIAutomator framework is not maintained anymore by the OS vendor.
&amp#27;[35m[AndroidDriver]&amp#27;[39m App file was not listed, instead we're going to run com.communitake.mdc.supportsip directly on the device
[debug] &amp#27;[35m[AndroidDriver]&amp#27;[39m Checking whether package is present on the device
[debug] &amp#27;[35m[ADB]&amp#27;[39m Running 'C:\Users\Nissim Automation\AppData\Local\Android\Sdk\platform-tools\adb.exe -P 5037 -s CTGED020000261 shell pm list packages com.communitake.mdc.supportsip'
&amp#27;[35m[AndroidDriver]&amp#27;[39m Starting Android session
[debug] &amp#27;[35m[ADB]&amp#27;[39m Running 'C:\Users\Nissim Automation\AppData\Local\Android\Sdk\platform-tools\adb.exe -P 5037 -s CTGED020000261 wait-for-device'
[debug] &amp#27;[35m[ADB]&amp#27;[39m Running 'C:\Users\Nissim Automation\AppData\Local\Android\Sdk\platform-tools\adb.exe -P 5037 -s CTGED020000261 shell echo ping'
[debug] &amp#27;[35m[AndroidDriver]&amp#27;[39m Pushing settings apk to device...
[debug] &amp#27;[35m[ADB]&amp#27;[39m Getting install status for io.appium.settings
[debug] &amp#27;[35m[ADB]&amp#27;[39m Running 'C:\Users\Nissim Automation\AppData\Local\Android\Sdk\platform-tools\adb.exe -P 5037 -s CTGED020000261 shell dumpsys package io.appium.settings'
&amp#27;[35m[Appium]&amp#27;[39m Welcome to Appium v1.19.1
[debug] &amp#27;[35m[ADB]&amp#27;[39m 'io.appium.settings' is installed
[debug] &amp#27;[35m[ADB]&amp#27;[39m Getting package info for 'io.appium.settings'
[debug] &amp#27;[35m[ADB]&amp#27;[39m Running 'C:\Users\Ni&amp#27;s[s3i5mm [AHuTtToPm]a&amp#27;t[i3on\9Ampp DaCtoau\lLdo cnaolt\ Asntdarrotid \SRdEkS\Tp lhatttfpo rimn-tteoroflsa\acdeb .leixset -ePn e5r0.3 7T h-es  CTrGeqEuDe0s2t0e0d0 0p2o6r1t  smheally  daulmrpseyasd yp abcek aigne  iuo.sapep.i uPml.esaestet imnagkse' 
sure there is no other instance of this server running already.
Fatal Error: listen EADDRINUSE: address already in use 0.0.0.0:4723
    at Server.setupListenHandle [as _listen2] (net.js:1318:16)
    at listenInCluster (net.js:1366:12)
    at doListen (net.js:1503:7)
    at processTicksAndRejections (internal/process/task_queues.js:81:21)
[debug] &amp#27;[35m[ADB]&amp#27;[39m The version name of the installed 'io.appium.settings' is greater or equal to the application version name ('3.2.1' >= '3.2.1')
[debug] &amp#27;[35m[ADB]&amp#27;[39m There is no need to install/upgrade 'C:\Users\Nissim Automation\AppData\Roaming\npm\node_modules\appium\node_modules\io.appium.settings\apks\settings_apk-debug.apk'
[debug] &amp#27;[35m[ADB]&amp#27;[39m Getting IDs of all 'io.appium.settings' processes
[debug] &amp#27;[35m[ADB]&amp#27;[39m Running 'C:\Users\Nissim Automation\AppData\Local\Android\Sdk\platform-tools\adb.exe -P 5037 -s CTGED020000261 shell 'pgrep --help; echo $?''
[debug] &amp#27;[35m[ADB]&amp#27;[39m Running 'C:\Users\Nissim Automation\AppData\Local\Android\Sdk\platform-tools\adb.exe -P 5037 -s CTGED020000261 shell pgrep -f \(\[\[:blank:\]\]\|\^\)io\.appium\.settings\(\[\[:blank:\]\]\|\$\)'
[debug] &amp#27;[35m[AndroidDriver]&amp#27;[39m io.appium.settings is already running. There is no need to reset its permissions.
[debug] &amp#27;[35m[ADB]&amp#27;[39m Running 'C:\Users\Nissim Automation\AppData\Local\Android\Sdk\platform-tools\adb.exe -P 5037 -s CTGED020000261 shell appops set io.appium.settings android:mock_location allow'
[debug] &amp#27;[35m[Logcat]&amp#27;[39m Starting logs capture with command: 'C:\\Users\\Nissim Automation\\AppData\\Local\\Android\\Sdk\\platform-tools\\adb.exe' -P 5037 -s CTGED020000261 logcat -v threadtime
&amp#27;[35m[ADB]&amp#27;[39m Getting device platform version
[debug] &amp#27;[35m[ADB]&amp#27;[39m Running 'C:\Users\Nissim Automation\AppData\Local\Android\Sdk\platform-tools\adb.exe -P 5037 -s CTGED020000261 shell getprop ro.build.version.release'
[debug] &amp#27;[35m[ADB]&amp#27;[39m Current device property 'ro.build.version.release': 9
[debug] &amp#27;[35m[ADB]&amp#27;[39m Running 'C:\Users\Nissim Automation\AppData\Local\Android\Sdk\platform-tools\adb.exe -P 5037 -s CTGED020000261 shell wm size'
[debug] &amp#27;[35m[ADB]&amp#27;[39m Running 'C:\Users\Nissim Automation\AppData\Local\Android\Sdk\platform-tools\adb.exe -P 5037 -s CTGED020000261 shell getprop ro.product.model'
[debug] &amp#27;[35m[ADB]&amp#27;[39m Current device property 'ro.product.model': CTGED02
[debug] &amp#27;[35m[ADB]&amp#27;[39m Running 'C:\Users\Nissim Automation\AppData\Local\Android\Sdk\platform-tools\adb.exe -P 5037 -s CTGED020000261 shell getprop ro.product.manufacturer'
[debug] &amp#27;[35m[ADB]&amp#27;[39m Current device property 'ro.product.manufacturer': sanmu
&amp#27;[35m[AndroidDriver]&amp#27;[39m No app sent in, not parsing package/activity
[debug] &amp#27;[35m[AndroidDriver]&amp#27;[39m No app capability. Assuming it is already on the device
[debug] &amp#27;[35m[AndroidBootstrap]&amp#27;[39m Watching for bootstrap disconnect
[debug] &amp#27;[35m[ADB]&amp#27;[39m Forwarding system: 4724 to device: 4724
[debug] &amp#27;[35m[ADB]&amp#27;[39m Running 'C:\Users\Nissim Automation\AppData\Local\Android\Sdk\platform-tools\adb.exe -P 5037 -s CTGED020000261 forward tcp:4724 tcp:4724'
[debug] &amp#27;[35m[UiAutomator]&amp#27;[39m Starting UiAutomator
[debug] &amp#27;[35m[UiAutomator]&amp#27;[39m Moving to state 'starting'
[debug] &amp#27;[35m[UiAutomator]&amp#27;[39m Parsing uiautomator jar
[debug] &amp#27;[35m[UiAutomator]&amp#27;[39m Found jar name: 'AppiumBootstrap.jar'
[debug] &amp#27;[35m[ADB]&amp#27;[39m Running 'C:\Users\Nissim Automation\AppData\Local\Android\Sdk\platform-tools\adb.exe -P 5037 -s CTGED020000261 shell mkdir -p /data/local'
[debug] &amp#27;[35m[ADB]&amp#27;[39m Running 'C:\Users\Nissim Automation\AppData\Local\Android\Sdk\platform-tools\adb.exe -P 5037 -s CTGED020000261 push 'C:\\Users\\Nissim Automation\\AppData\\Roaming\\npm\\node_modules\\appium\\node_modules\\appium-android-driver\\bootstrap\\bin\\AppiumBootstrap.jar' /data/local/tmp/'
[debug] &amp#27;[35m[ADB]&amp#27;[39m Attempting to kill all uiautomator processes
[debug] &amp#27;[35m[ADB]&amp#27;[39m Getting IDs of all 'uiautomator' processes
[debug] &amp#27;[35m[ADB]&amp#27;[39m Running 'C:\Users\Nissim Automation\AppData\Local\Android\Sdk\platform-tools\adb.exe -P 5037 -s CTGED020000261 shell pgrep -f \(\[\[:blank:\]\]\|\^\)uiautomator\(\[\[:blank:\]\]\|\$\)'
[debug] &amp#27;[35m[ADB]&amp#27;[39m Attempting to kill process 6520
[debug] &amp#27;[35m[ADB]&amp#27;[39m Running 'C:\Users\Nissim Automation\AppData\Local\Android\Sdk\platform-tools\adb.exe -P 5037 -s CTGED020000261 shell kill 6520'
[debug] &amp#27;[35m[UiAutomator]&amp#27;[39m Starting UIAutomator
[debug] &amp#27;[35m[ADB]&amp#27;[39m Creating ADB subprocess with args: ["-P",5037,"-s","CTGED020000261","shell","uiautomator","runtest","AppiumBootstrap.jar","-c","io.appium.android.bootstrap.Bootstrap","-e","pkg","com.communitake.mdc.supportsip","-e","disableAndroidWatchers",false,"-e","acceptSslCerts",false]
&amp#27;[35m[UiAutomator]&amp#27;[39m UiAutomator exited unexpectedly with code 143, signal null
[debug] &amp#27;[35m[UiAutomator]&amp#27;[39m Moving to state 'stopped'
&amp#27;[35m[Appium]&amp#27;[39m Closing session, cause was 'UiAUtomator shut down unexpectedly'
&amp#27;[35m[Appium]&amp#27;[39m Removing session '5cd22c4d-4e8c-4cc4-9b1e-bd37693ac2e2' from our master session list
[debug] &amp#27;[35m[AndroidDriver]&amp#27;[39m Shutting down Android driver
[debug] &amp#27;[35m[ADB]&amp#27;[39m Running 'C:\Users\Nissim Automation\AppData\Local\Android\Sdk\platform-tools\adb.exe -P 5037 -s CTGED020000261 shell am force-stop com.communitake.mdc.supportsip'
[debug] &amp#27;[35m[ADB]&amp#27;[39m Pressing the HOME button
[debug] &amp#27;[35m[ADB]&amp#27;[39m Running 'C:\Users\Nissim Automation\AppData\Local\Android\Sdk\platform-tools\adb.exe -P 5037 -s CTGED020000261 shell input keyevent 3'
[debug] &amp#27;[35m[UiAutomator]&amp#27;[39m Moving to state 'online'
&amp#27;[35m[AndroidBootstrap]&amp#27;[39m Android bootstrap socket is now connected
[debug] &amp#27;[35m[ADB]&amp#27;[39m Running 'C:\Users\Nissim Automation\AppData\Local\Android\Sdk\platform-tools\adb.exe -P 5037 -s CTGED020000261 shell dumpsys window'
[debug] &amp#27;[35m[AndroidBootstrap]&amp#27;[39m [BOOTSTRAP LOG] [debug] Client connected
&amp#27;[35m[AndroidDriver]&amp#27;[39m Screen already unlocked, doing nothing
[debug] &amp#27;[35m[ADB]&amp#27;[39m Running 'C:\Users\Nissim Automation\AppData\Local\Android\Sdk\platform-tools\adb.exe -P 5037 -s CTGED020000261 shell am start -W -n com.communitake.mdc.supportsip/com.communitake.mdc.SplashScreen -S -a android.intent.action.MAIN -c android.intent.category.LAUNCHER -f 0x10200000'
&amp#27;[35m[AndroidBootstrap]&amp#27;[39m Cannot shut down Android bootstrap; it has already shut down
[debug] &amp#27;[35m[Logcat]&amp#27;[39m Stopping logcat capture
[debug] &amp#27;[35m[ADB]&amp#27;[39m Running 'C:\Users\Nissim Automation\AppData\Local\Android\Sdk\platform-tools\adb.exe -P 5037 -s CTGED020000261 shell am force-stop io.appium.unlock'
&amp#27;[35m[Appium]&amp#27;[39m New AndroidDriver session created successfully, session 23670370-4a0e-433c-b64b-e1940a9176a9 added to master session list
[debug] &amp#27;[35m[BaseDriver]&amp#27;[39m Event 'newSessionStarted' logged at 1609740197298 (08:03:17 GMT+0200 (Israel Standard Time))
[debug] &amp#27;[35m[W3C (23670370)]&amp#27;[39m Cached the protocol value 'W3C' for the new session 23670370-4a0e-433c-b64b-e1940a9176a9
[debug] &amp#27;[35m[W3C (23670370)]&amp#27;[39m Responding to client with driver.createSession() result: {"capabilities":{"platform":"LINUX","webStorageEnabled":false,"takesScreenshot":true,"javascriptEnabled":true,"databaseEnabled":false,"networkConnectionEnabled":true,"locationContextEnabled":false,"warnings":{},"desired":{"browserName":"","platformName":"android","appActivity":"com.communitake.mdc.SplashScreen","appPackage":"com.communitake.mdc.supportsip","automationName":"UiAutomator1","deviceName":"CTGED02","noReset":true,"platformVersion":"9","udid":"CTGED020000261"},"browserName":"","platformName":"android","appActivity":"com.communitake.mdc.SplashScreen","appPackage":"com.communitake.mdc.supportsip","automationName":"UiAutomator1","deviceName":"CTGED020000261","noReset":true,"platformVersion":"9","udid":"CTGED020000261","deviceUDID":"CTGED020000261","deviceScreenSize":"720x1440","deviceModel":"CTGED02","deviceManufacturer":"sanmu"}}
&amp#27;[35m[HTTP]&amp#27;[39m &amp#27;[37m<-- POST /wd/hub/session &amp#27;[39m&amp#27;[32m200&amp#27;[39m &amp#27;[90m6535 ms - 911&amp#27;[39m
&amp#27;[35m[HTTP]&amp#27;[39m &amp#27;[90m&amp#27;[39m
false
&amp#27;[35m[HTTP]&amp#27;[39m &amp#27;[37m-->&amp#27;[39m &amp#27;[37mPOST&amp#27;[39m &amp#27;[37m/wd/hub/session/23670370-4a0e-433c-b64b-e1940a9176a9/timeouts&amp#27;[39m
&amp#27;[35m[HTTP]&amp#27;[39m &amp#27;[90m{"implicit":10000}&amp#27;[39m
[debug] &amp#27;[35m[W3C (23670370)]&amp#27;[39m Calling AppiumDriver.timeouts() with args: [null,null,null,null,10000,"23670370-4a0e-433c-b64b-e1940a9176a9"]
[debug] &amp#27;[35m[BaseDriver]&amp#27;[39m W3C timeout argument: {"implicit":10000}}
[debug] &amp#27;[35m[BaseDriver]&amp#27;[39m Set implicit wait to 10000ms
[debug] &amp#27;[35m[W3C (23670370)]&amp#27;[39m Responding to client with driver.timeouts() result: null
&amp#27;[35m[HTTP]&amp#27;[39m &amp#27;[37m<-- POST /wd/hub/session/23670370-4a0e-433c-b64b-e1940a9176a9/timeouts &amp#27;[39m&amp#27;[32m200&amp#27;[39m &amp#27;[90m2 ms - 14&amp#27;[39m
&amp#27;[35m[HTTP]&amp#27;[39m &amp#27;[90m&amp#27;[39m
&amp#27;[35m[HTTP]&amp#27;[39m &amp#27;[37m-->&amp#27;[39m &amp#27;[37mGET&amp#27;[39m &amp#27;[37m/wd/hub/session/23670370-4a0e-433c-b64b-e1940a9176a9/context&amp#27;[39m
&amp#27;[35m[HTTP]&amp#27;[39m &amp#27;[90m{}&amp#27;[39m
[debug] &amp#27;[35m[W3C (23670370)]&amp#27;[39m Calling AppiumDriver.getCurrentContext() with args: ["23670370-4a0e-433c-b64b-e1940a9176a9"]
[debug] &amp#27;[35m[W3C (23670370)]&amp#27;[39m Responding to client with driver.getCurrentContext() result: "NATIVE_APP"
&amp#27;[35m[HTTP]&amp#27;[39m &amp#27;[37m<-- GET /wd/hub/session/23670370-4a0e-433c-b64b-e1940a9176a9/context &amp#27;[39m&amp#27;[32m200&amp#27;[39m &amp#27;[90m4 ms - 22&amp#27;[39m
&amp#27;[35m[HTTP]&amp#27;[39m &amp#27;[90m&amp#27;[39m
&amp#27;[35m[HTTP]&amp#27;[39m &amp#27;[37m-->&amp#27;[39m &amp#27;[37mPOST&amp#27;[39m &amp#27;[37m/wd/hub/session/23670370-4a0e-433c-b64b-e1940a9176a9/element&amp#27;[39m
&amp#27;[35m[HTTP]&amp#27;[39m &amp#27;[90m{"using":"id","value":"com.communitake.mdc.supportsip:id/menuImage"}&amp#27;[39m
[debug] &amp#27;[35m[W3C (23670370)]&amp#27;[39m Calling AppiumDriver.findElement() with args: ["id","com.communitake.mdc.supportsip:id/menuImage","23670370-4a0e-433c-b64b-e1940a9176a9"]
[debug] &amp#27;[35m[BaseDriver]&amp#27;[39m Valid locator strategies for this request: xpath, id, class name, accessibility id, -android uiautomator
[debug] &amp#27;[35m[BaseDriver]&amp#27;[39m Waiting up to 10000 ms for condition
[debug] &amp#27;[35m[AndroidBootstrap]&amp#27;[39m Sending command to android: {"cmd":"action","action":"find","params":{"strategy":"id","selector":"com.communitake.mdc.supportsip:id/menuImage","context":"","multiple":false}}
[debug] &amp#27;[35m[AndroidBootstrap]&amp#27;[39m [BOOTSTRAP LOG] [debug] Got data from client: {"cmd":"action","action":"find","params":{"strategy":"id","selector":"com.communitake.mdc.supportsip:id/menuImage","context":"","multiple":false}}
[debug] &amp#27;[35m[AndroidBootstrap]&amp#27;[39m [BOOTSTRAP LOG] [debug] Got command of type ACTION
[debug] &amp#27;[35m[AndroidBootstrap]&amp#27;[39m [BOOTSTRAP LOG] [debug] Got command action: find
[debug] &amp#27;[35m[AndroidBootstrap]&amp#27;[39m [BOOTSTRAP LOG] [debug] Finding 'com.communitake.mdc.supportsip:id/menuImage' using 'ID' with the contextId: '' multiple: false
[debug] &amp#27;[35m[AndroidBootstrap]&amp#27;[39m [BOOTSTRAP LOG] [debug] Using: UiSelector[INSTANCE=0, RESOURCE_ID=com.communitake.mdc.supportsip:id/menuImage]
[debug] &amp#27;[35m[AndroidBootstrap]&amp#27;[39m [BOOTSTRAP LOG] [debug] Failed to locate element. Clearing Accessibility cache and retrying.
[debug] &amp#27;[35m[AndroidBootstrap]&amp#27;[39m [BOOTSTRAP LOG] [debug] Finding 'com.communitake.mdc.supportsip:id/menuImage' using 'ID' with the contextId: '' multiple: false
[debug] &amp#27;[35m[AndroidBootstrap]&amp#27;[39m [BOOTSTRAP LOG] [debug] Using: UiSelector[INSTANCE=0, RESOURCE_ID=com.communitake.mdc.supportsip:id/menuImage]
[debug] &amp#27;[35m[AndroidBootstrap]&amp#27;[39m [BOOTSTRAP LOG] [debug] Returning result: {"status":7,"value":"No element found"}
[debug] &amp#27;[35m[AndroidBootstrap]&amp#27;[39m Received command result from bootstrap
[debug] &amp#27;[35m[MJSONWP]&amp#27;[39m Matched JSONWP error code 7 to NoSuchElementError
[debug] &amp#27;[35m[BaseDriver]&amp#27;[39m Waited for 56 ms so far
[debug] &amp#27;[35m[AndroidBootstrap]&amp#27;[39m Sending command to android: {"cmd":"action","action":"find","params":{"strategy":"id","selector":"com.communitake.mdc.supportsip:id/menuImage","context":"","multiple":false}}
[debug] &amp#27;[35m[AndroidBootstrap]&amp#27;[39m [BOOTSTRAP LOG] [debug] Got data from client: {"cmd":"action","action":"find","params":{"strategy":"id","selector":"com.communitake.mdc.supportsip:id/menuImage","context":"","multiple":false}}
[debug] &amp#27;[35m[AndroidBootstrap]&amp#27;[39m [BOOTSTRAP LOG] [debug] Got command of type ACTION
[debug] &amp#27;[35m[AndroidBootstrap]&amp#27;[39m [BOOTSTRAP LOG] [debug] Got command action: find
[debug] &amp#27;[35m[AndroidBootstrap]&amp#27;[39m [BOOTSTRAP LOG] [debug] Finding 'com.communitake.mdc.supportsip:id/menuImage' using 'ID' with the contextId: '' multiple: false
[debug] &amp#27;[35m[AndroidBootstrap]&amp#27;[39m [BOOTSTRAP LOG] [debug] Using: UiSelector[INSTANCE=0, RESOURCE_ID=com.communitake.mdc.supportsip:id/menuImage]
[debug] &amp#27;[35m[AndroidBootstrap]&amp#27;[39m [BOOTSTRAP LOG] [debug] Failed to locate element. Clearing Accessibility cache and retrying.
[debug] &amp#27;[35m[AndroidBootstrap]&amp#27;[39m [BOOTSTRAP LOG] [debug] Finding 'com.communitake.mdc.supportsip:id/menuImage' using 'ID' with the contextId: '' multiple: false
[debug] &amp#27;[35m[AndroidBootstrap]&amp#27;[39m [BOOTSTRAP LOG] [debug] Using: UiSelector[INSTANCE=0, RESOURCE_ID=com.communitake.mdc.supportsip:id/menuImage]
[debug] &amp#27;[35m[AndroidBootstrap]&amp#27;[39m Received command result from bootstrap
[debug] &amp#27;[35m[MJSONWP]&amp#27;[39m Matched JSONWP error code 7 to NoSuchElementError
[debug] &amp#27;[35m[BaseDriver]&amp#27;[39m Waited for 5000 ms so far
[debug] &amp#27;[35m[AndroidBootstrap]&amp#27;[39m [BOOTSTRAP LOG] [debug] Returning result: {"status":7,"value":"No element found"}
[debug] &amp#27;[35m[AndroidBootstrap]&amp#27;[39m Sending command to android: {"cmd":"action","action":"find","params":{"strategy":"id","selector":"com.communitake.mdc.supportsip:id/menuImage","context":"","multiple":false}}
[debug] &amp#27;[35m[AndroidBootstrap]&amp#27;[39m [BOOTSTRAP LOG] [debug] Got data from client: {"cmd":"action","action":"find","params":{"strategy":"id","selector":"com.communitake.mdc.supportsip:id/menuImage","context":"","multiple":false}}
[debug] &amp#27;[35m[AndroidBootstrap]&amp#27;[39m [BOOTSTRAP LOG] [debug] Got command of type ACTION
[debug] &amp#27;[35m[AndroidBootstrap]&amp#27;[39m [BOOTSTRAP LOG] [debug] Got command action: find
[debug] &amp#27;[35m[AndroidBootstrap]&amp#27;[39m [BOOTSTRAP LOG] [debug] Finding 'com.communitake.mdc.supportsip:id/menuImage' using 'ID' with the contextId: '' multiple: false
[debug] &amp#27;[35m[AndroidBootstrap]&amp#27;[39m [BOOTSTRAP LOG] [debug] Using: UiSelector[INSTANCE=0, RESOURCE_ID=com.communitake.mdc.supportsip:id/menuImage]
[debug] &amp#27;[35m[AndroidBootstrap]&amp#27;[39m Received command result from bootstrap
[debug] &amp#27;[35m[AndroidBootstrap]&amp#27;[39m [BOOTSTRAP LOG] [debug] Returning result: {"status":0,"value":{"ELEMENT":"1"}}
[debug] &amp#27;[35m[W3C (23670370)]&amp#27;[39m Responding to client with driver.findElement() result: {"element-6066-11e4-a52e-4f735466cecf":"1","ELEMENT":"1"}
&amp#27;[35m[HTTP]&amp#27;[39m &amp#27;[37m<-- POST /wd/hub/session/23670370-4a0e-433c-b64b-e1940a9176a9/element &amp#27;[39m&amp#27;[32m200&amp#27;[39m &amp#27;[90m6117 ms - 67&amp#27;[39m
&amp#27;[35m[HTTP]&amp#27;[39m &amp#27;[90m&amp#27;[39m
&amp#27;[35m[HTTP]&amp#27;[39m &amp#27;[37m-->&amp#27;[39m &amp#27;[37mPOST&amp#27;[39m &amp#27;[37m/wd/hub/session/23670370-4a0e-433c-b64b-e1940a9176a9/element/1/click&amp#27;[39m
&amp#27;[35m[HTTP]&amp#27;[39m &amp#27;[90m{"id":"1"}&amp#27;[39m
[debug] &amp#27;[35m[W3C (23670370)]&amp#27;[39m Calling AppiumDriver.click() with args: ["1","23670370-4a0e-433c-b64b-e1940a9176a9"]
[debug] &amp#27;[35m[AndroidBootstrap]&amp#27;[39m Sending command to android: {"cmd":"action","action":"element:click","params":{"elementId":"1"}}
[debug] &amp#27;[35m[AndroidBootstrap]&amp#27;[39m [BOOTSTRAP LOG] [debug] Got data from client: {"cmd":"action","action":"element:click","params":{"elementId":"1"}}
[debug] &amp#27;[35m[AndroidBootstrap]&amp#27;[39m [BOOTSTRAP LOG] [debug] Got command of type ACTION
[debug] &amp#27;[35m[AndroidBootstrap]&amp#27;[39m [BOOTSTRAP LOG] [debug] Got command action: click
[debug] &amp#27;[35m[AndroidBootstrap]&amp#27;[39m [BOOTSTRAP LOG] [debug] Returning result: {"status":0,"value":true}
[debug] &amp#27;[35m[AndroidBootstrap]&amp#27;[39m Received command result from bootstrap
[debug] &amp#27;[35m[W3C (23670370)]&amp#27;[39m Responding to client with driver.click() result: true
&amp#27;[35m[HTTP]&amp#27;[39m &amp#27;[37m<-- POST /wd/hub/session/23670370-4a0e-433c-b64b-e1940a9176a9/element/1/click &amp#27;[39m&amp#27;[32m200&amp#27;[39m &amp#27;[90m337 ms - 14&amp#27;[39m
&amp#27;[35m[HTTP]&amp#27;[39m &amp#27;[90m&amp#27;[39m
&amp#27;[35m[HTTP]&amp#27;[39m &amp#27;[37m-->&amp#27;[39m &amp#27;[37mGET&amp#27;[39m &amp#27;[37m/wd/hub/session/23670370-4a0e-433c-b64b-e1940a9176a9/context&amp#27;[39m
&amp#27;[35m[HTTP]&amp#27;[39m &amp#27;[90m{}&amp#27;[39m
[debug] &amp#27;[35m[W3C (23670370)]&amp#27;[39m Calling AppiumDriver.getCurrentContext() with args: ["23670370-4a0e-433c-b64b-e1940a9176a9"]
[debug] &amp#27;[35m[W3C (23670370)]&amp#27;[39m Responding to client with driver.getCurrentContext() result: "NATIVE_APP"
&amp#27;[35m[HTTP]&amp#27;[39m &amp#27;[37m<-- GET /wd/hub/session/23670370-4a0e-433c-b64b-e1940a9176a9/context &amp#27;[39m&amp#27;[32m200&amp#27;[39m &amp#27;[90m5 ms - 22&amp#27;[39m
&amp#27;[35m[HTTP]&amp#27;[39m &amp#27;[90m&amp#27;[39m
&amp#27;[35m[HTTP]&amp#27;[39m &amp#27;[37m-->&amp#27;[39m &amp#27;[37mPOST&amp#27;[39m &amp#27;[37m/wd/hub/session/23670370-4a0e-433c-b64b-e1940a9176a9/elements&amp#27;[39m
&amp#27;[35m[HTTP]&amp#27;[39m &amp#27;[90m{"using":"id","value":"android:id/title"}&amp#27;[39m
[debug] &amp#27;[35m[W3C (23670370)]&amp#27;[39m Calling AppiumDriver.findElements() with args: ["id","android:id/title","23670370-4a0e-433c-b64b-e1940a9176a9"]
[debug] &amp#27;[35m[BaseDriver]&amp#27;[39m Valid locator strategies for this request: xpath, id, class name, accessibility id, -android uiautomator
[debug] &amp#27;[35m[BaseDriver]&amp#27;[39m Waiting up to 10000 ms for condition
[debug] &amp#27;[35m[AndroidBootstrap]&amp#27;[39m Sending command to android: {"cmd":"action","action":"find","params":{"strategy":"id","selector":"android:id/title","context":"","multiple":true}}
[debug] &amp#27;[35m[AndroidBootstrap]&amp#27;[39m [BOOTSTRAP LOG] [debug] Got data from client: {"cmd":"action","action":"find","params":{"strategy":"id","selector":"android:id/title","context":"","multiple":true}}
[debug] &amp#27;[35m[AndroidBootstrap]&amp#27;[39m [BOOTSTRAP LOG] [debug] Got command of type ACTION
[debug] &amp#27;[35m[AndroidBootstrap]&amp#27;[39m [BOOTSTRAP LOG] [debug] Got command action: find
[debug] &amp#27;[35m[AndroidBootstrap]&amp#27;[39m [BOOTSTRAP LOG] [debug] Finding 'android:id/title' using 'ID' with the contextId: '' multiple: true
[debug] &amp#27;[35m[AndroidBootstrap]&amp#27;[39m [BOOTSTRAP LOG] [debug] Using: UiSelector[RESOURCE_ID=android:id/title]
[debug] &amp#27;[35m[AndroidBootstrap]&amp#27;[39m [BOOTSTRAP LOG] [debug] getElements selector:UiSelector[RESOURCE_ID=android:id/title]
[debug] &amp#27;[35m[AndroidBootstrap]&amp#27;[39m [BOOTSTRAP LOG] [debug] Element[] is null: (0)
[debug] &amp#27;[35m[AndroidBootstrap]&amp#27;[39m [BOOTSTRAP LOG] [debug] getElements tmp selector:UiSelector[INSTANCE=0, RESOURCE_ID=android:id/title]
[debug] &amp#27;[35m[AndroidBootstrap]&amp#27;[39m [BOOTSTRAP LOG] [debug] Element[] is null: (1)
[debug] &amp#27;[35m[AndroidBootstrap]&amp#27;[39m [BOOTSTRAP LOG] [debug] getElements tmp selector:UiSelector[INSTANCE=1, RESOURCE_ID=android:id/title]
[debug] &amp#27;[35m[AndroidBootstrap]&amp#27;[39m [BOOTSTRAP LOG] [debug] Element[] is null: (2)
[debug] &amp#27;[35m[AndroidBootstrap]&amp#27;[39m [BOOTSTRAP LOG] [debug] getElements tmp selector:UiSelector[INSTANCE=2, RESOURCE_ID=android:id/title]
[debug] &amp#27;[35m[AndroidBootstrap]&amp#27;[39m Received command result from bootstrap
[debug] &amp#27;[35m[W3C (23670370)]&amp#27;[39m Responding to client with driver.findElements() result: [{"element-6066-11e4-a52e-4f735466cecf":"2","ELEMENT":"2"},{"element-6066-11e4-a52e-4f735466cecf":"3","ELEMENT":"3"}]
&amp#27;[35m[HTTP]&amp#27;[39m &amp#27;[37m<-- POST /wd/hub/session/23670370-4a0e-433c-b64b-e1940a9176a9/elements &amp#27;[39m&amp#27;[32m200&amp#27;[39m &amp#27;[90m879 ms - 127&amp#27;[39m
&amp#27;[35m[HTTP]&amp#27;[39m &amp#27;[90m&amp#27;[39m
[debug] &amp#27;[35m[AndroidBootstrap]&amp#27;[39m [BOOTSTRAP LOG] [debug] Returning result: {"status":0,"value":[{"ELEMENT":"2"},{"ELEMENT":"3"}]}
&amp#27;[35m[HTTP]&amp#27;[39m &amp#27;[37m-->&amp#27;[39m &amp#27;[37mPOST&amp#27;[39m &amp#27;[37m/wd/hub/session/23670370-4a0e-433c-b64b-e1940a9176a9/element/2/click&amp#27;[39m
&amp#27;[35m[HTTP]&amp#27;[39m &amp#27;[90m{"id":"2"}&amp#27;[39m
[debug] &amp#27;[35m[W3C (23670370)]&amp#27;[39m Calling AppiumDriver.click() with args: ["2","23670370-4a0e-433c-b64b-e1940a9176a9"]
[debug] &amp#27;[35m[AndroidBootstrap]&amp#27;[39m Sending command to android: {"cmd":"action","action":"element:click","params":{"elementId":"2"}}
[debug] &amp#27;[35m[AndroidBootstrap]&amp#27;[39m [BOOTSTRAP LOG] [debug] Got data from client: {"cmd":"action","action":"element:click","params":{"elementId":"2"}}
[debug] &amp#27;[35m[AndroidBootstrap]&amp#27;[39m [BOOTSTRAP LOG] [debug] Got command of type ACTION
[debug] &amp#27;[35m[AndroidBootstrap]&amp#27;[39m [BOOTSTRAP LOG] [debug] Got command action: click
[debug] &amp#27;[35m[AndroidBootstrap]&amp#27;[39m Received command result from bootstrap
[debug] &amp#27;[35m[W3C (23670370)]&amp#27;[39m Responding to client with driver.click() result: true
&amp#27;[35m[HTTP]&amp#27;[39m &amp#27;[37m<-- POST /wd/hub/session/23670370-4a0e-433c-b64b-e1940a9176a9/element/2/click &amp#27;[39m&amp#27;[32m200&amp#27;[39m &amp#27;[90m167 ms - 14&amp#27;[39m
&amp#27;[35m[HTTP]&amp#27;[39m &amp#27;[90m&amp#27;[39m
[debug] &amp#27;[35m[AndroidBootstrap]&amp#27;[39m [BOOTSTRAP LOG] [debug] Returning result: {"status":0,"value":true}
&amp#27;[35m[HTTP]&amp#27;[39m &amp#27;[37m-->&amp#27;[39m &amp#27;[37mGET&amp#27;[39m &amp#27;[37m/wd/hub/session/23670370-4a0e-433c-b64b-e1940a9176a9/context&amp#27;[39m
&amp#27;[35m[HTTP]&amp#27;[39m &amp#27;[90m{}&amp#27;[39m
[debug] &amp#27;[35m[W3C (23670370)]&amp#27;[39m Calling AppiumDriver.getCurrentContext() with args: ["23670370-4a0e-433c-b64b-e1940a9176a9"]
[debug] &amp#27;[35m[W3C (23670370)]&amp#27;[39m Responding to client with driver.getCurrentContext() result: "NATIVE_APP"
&amp#27;[35m[HTTP]&amp#27;[39m &amp#27;[37m<-- GET /wd/hub/session/23670370-4a0e-433c-b64b-e1940a9176a9/context &amp#27;[39m&amp#27;[32m200&amp#27;[39m &amp#27;[90m4 ms - 22&amp#27;[39m
&amp#27;[35m[HTTP]&amp#27;[39m &amp#27;[90m&amp#27;[39m
&amp#27;[35m[HTTP]&amp#27;[39m &amp#27;[37m-->&amp#27;[39m &amp#27;[37mPOST&amp#27;[39m &amp#27;[37m/wd/hub/session/23670370-4a0e-433c-b64b-e1940a9176a9/element&amp#27;[39m
&amp#27;[35m[HTTP]&amp#27;[39m &amp#27;[90m{"using":"id","value":"com.communitake.mdc.supportsip:id/menuImage"}&amp#27;[39m
[debug] &amp#27;[35m[W3C (23670370)]&amp#27;[39m Calling AppiumDriver.findElement() with args: ["id","com.communitake.mdc.supportsip:id/menuImage","23670370-4a0e-433c-b64b-e1940a9176a9"]
[debug] &amp#27;[35m[BaseDriver]&amp#27;[39m Valid locator strategies for this request: xpath, id, class name, accessibility id, -android uiautomator
[debug] &amp#27;[35m[BaseDriver]&amp#27;[39m Waiting up to 10000 ms for condition
[debug] &amp#27;[35m[AndroidBootstrap]&amp#27;[39m Sending command to android: {"cmd":"action","action":"find","params":{"strategy":"id","selector":"com.communitake.mdc.supportsip:id/menuImage","context":"","multiple":false}}
[debug] &amp#27;[35m[AndroidBootstrap]&amp#27;[39m [BOOTSTRAP LOG] [debug] Got data from client: {"cmd":"action","action":"find","params":{"strategy":"id","selector":"com.communitake.mdc.supportsip:id/menuImage","context":"","multiple":false}}
[debug] &amp#27;[35m[AndroidBootstrap]&amp#27;[39m [BOOTSTRAP LOG] [debug] Got command of type ACTION
[debug] &amp#27;[35m[AndroidBootstrap]&amp#27;[39m [BOOTSTRAP LOG] [debug] Got command action: find
[debug] &amp#27;[35m[AndroidBootstrap]&amp#27;[39m [BOOTSTRAP LOG] [debug] Finding 'com.communitake.mdc.supportsip:id/menuImage' using 'ID' with the contextId: '' multiple: false
[debug] &amp#27;[35m[AndroidBootstrap]&amp#27;[39m [BOOTSTRAP LOG] [debug] Using: UiSelector[INSTANCE=0, RESOURCE_ID=com.communitake.mdc.supportsip:id/menuImage]
[debug] &amp#27;[35m[AndroidBootstrap]&amp#27;[39m Received command result from bootstrap
[debug] &amp#27;[35m[AndroidBootstrap]&amp#27;[39m [BOOTSTRAP LOG] [debug] Returning result: {"status":0,"value":{"ELEMENT":"4"}}
[debug] &amp#27;[35m[W3C (23670370)]&amp#27;[39m Responding to client with driver.findElement() result: {"element-6066-11e4-a52e-4f735466cecf":"4","ELEMENT":"4"}
&amp#27;[35m[HTTP]&amp#27;[39m &amp#27;[37m<-- POST /wd/hub/session/23670370-4a0e-433c-b64b-e1940a9176a9/element &amp#27;[39m&amp#27;[32m200&amp#27;[39m &amp#27;[90m552 ms - 67&amp#27;[39m
&amp#27;[35m[HTTP]&amp#27;[39m &amp#27;[90m&amp#27;[39m
&amp#27;[35m[HTTP]&amp#27;[39m &amp#27;[37m-->&amp#27;[39m &amp#27;[37mPOST&amp#27;[39m &amp#27;[37m/wd/hub/session/23670370-4a0e-433c-b64b-e1940a9176a9/element/4/click&amp#27;[39m
&amp#27;[35m[HTTP]&amp#27;[39m &amp#27;[90m{"id":"4"}&amp#27;[39m
[debug] &amp#27;[35m[W3C (23670370)]&amp#27;[39m Calling AppiumDriver.click() with args: ["4","23670370-4a0e-433c-b64b-e1940a9176a9"]
[debug] &amp#27;[35m[AndroidBootstrap]&amp#27;[39m Sending command to android: {"cmd":"action","action":"element:click","params":{"elementId":"4"}}
[debug] &amp#27;[35m[AndroidBootstrap]&amp#27;[39m [BOOTSTRAP LOG] [debug] Got data from client: {"cmd":"action","action":"element:click","params":{"elementId":"4"}}
[debug] &amp#27;[35m[AndroidBootstrap]&amp#27;[39m [BOOTSTRAP LOG] [debug] Got command of type ACTION
[debug] &amp#27;[35m[AndroidBootstrap]&amp#27;[39m [BOOTSTRAP LOG] [debug] Got command action: click
[debug] &amp#27;[35m[AndroidBootstrap]&amp#27;[39m Received command result from bootstrap
[debug] &amp#27;[35m[W3C (23670370)]&amp#27;[39m Responding to client with driver.click() result: true
&amp#27;[35m[HTTP]&amp#27;[39m &amp#27;[37m<-- POST /wd/hub/session/23670370-4a0e-433c-b64b-e1940a9176a9/element/4/click &amp#27;[39m&amp#27;[32m200&amp#27;[39m &amp#27;[90m362 ms - 14&amp#27;[39m
&amp#27;[35m[HTTP]&amp#27;[39m &amp#27;[90m&amp#27;[39m
[debug] &amp#27;[35m[AndroidBootstrap]&amp#27;[39m [BOOTSTRAP LOG] [debug] Returning result: {"status":0,"value":true}
&amp#27;[35m[HTTP]&amp#27;[39m &amp#27;[37m-->&amp#27;[39m &amp#27;[37mGET&amp#27;[39m &amp#27;[37m/wd/hub/session/23670370-4a0e-433c-b64b-e1940a9176a9/context&amp#27;[39m
&amp#27;[35m[HTTP]&amp#27;[39m &amp#27;[90m{}&amp#27;[39m
[debug] &amp#27;[35m[W3C (23670370)]&amp#27;[39m Calling AppiumDriver.getCurrentContext() with args: ["23670370-4a0e-433c-b64b-e1940a9176a9"]
[debug] &amp#27;[35m[W3C (23670370)]&amp#27;[39m Responding to client with driver.getCurrentContext() result: "NATIVE_APP"
&amp#27;[35m[HTTP]&amp#27;[39m &amp#27;[37m<-- GET /wd/hub/session/23670370-4a0e-433c-b64b-e1940a9176a9/context &amp#27;[39m&amp#27;[32m200&amp#27;[39m &amp#27;[90m1 ms - 22&amp#27;[39m
&amp#27;[35m[HTTP]&amp#27;[39m &amp#27;[90m&amp#27;[39m
&amp#27;[35m[HTTP]&amp#27;[39m &amp#27;[37m-->&amp#27;[39m &amp#27;[37mPOST&amp#27;[39m &amp#27;[37m/wd/hub/session/23670370-4a0e-433c-b64b-e1940a9176a9/elements&amp#27;[39m
&amp#27;[35m[HTTP]&amp#27;[39m &amp#27;[90m{"using":"id","value":"android:id/title"}&amp#27;[39m
[debug] &amp#27;[35m[W3C (23670370)]&amp#27;[39m Calling AppiumDriver.findElements() with args: ["id","android:id/title","23670370-4a0e-433c-b64b-e1940a9176a9"]
[debug] &amp#27;[35m[BaseDriver]&amp#27;[39m Valid locator strategies for this request: xpath, id, class name, accessibility id, -android uiautomator
[debug] &amp#27;[35m[BaseDriver]&amp#27;[39m Waiting up to 10000 ms for condition
[debug] &amp#27;[35m[AndroidBootstrap]&amp#27;[39m Sending command to android: {"cmd":"action","action":"find","params":{"strategy":"id","selector":"android:id/title","context":"","multiple":true}}
[debug] &amp#27;[35m[AndroidBootstrap]&amp#27;[39m [BOOTSTRAP LOG] [debug] Got data from client: {"cmd":"action","action":"find","params":{"strategy":"id","selector":"android:id/title","context":"","multiple":true}}
[debug] &amp#27;[35m[AndroidBootstrap]&amp#27;[39m [BOOTSTRAP LOG] [debug] Got command of type ACTION
[debug] &amp#27;[35m[AndroidBootstrap]&amp#27;[39m [BOOTSTRAP LOG] [debug] Got command action: find
[debug] &amp#27;[35m[AndroidBootstrap]&amp#27;[39m [BOOTSTRAP LOG] [debug] Finding 'android:id/title' using 'ID' with the contextId: '' multiple: true
[debug] &amp#27;[35m[AndroidBootstrap]&amp#27;[39m [BOOTSTRAP LOG] [debug] Using: UiSelector[RESOURCE_ID=android:id/title]
[debug] &amp#27;[35m[AndroidBootstrap]&amp#27;[39m [BOOTSTRAP LOG] [debug] getElements selector:UiSelector[RESOURCE_ID=android:id/title]
[debug] &amp#27;[35m[AndroidBootstrap]&amp#27;[39m [BOOTSTRAP LOG] [debug] Element[] is null: (0)
[debug] &amp#27;[35m[AndroidBootstrap]&amp#27;[39m [BOOTSTRAP LOG] [debug] getElements tmp selector:UiSelector[INSTANCE=0, RESOURCE_ID=android:id/title]
[debug] &amp#27;[35m[AndroidBootstrap]&amp#27;[39m [BOOTSTRAP LOG] [debug] Element[] is null: (1)
[debug] &amp#27;[35m[AndroidBootstrap]&amp#27;[39m [BOOTSTRAP LOG] [debug] getElements tmp selector:UiSelector[INSTANCE=1, RESOURCE_ID=android:id/title]
[debug] &amp#27;[35m[AndroidBootstrap]&amp#27;[39m [BOOTSTRAP LOG] [debug] Element[] is null: (2)
[debug] &amp#27;[35m[AndroidBootstrap]&amp#27;[39m [BOOTSTRAP LOG] [debug] getElements tmp selector:UiSelector[INSTANCE=2, RESOURCE_ID=android:id/title]
[debug] &amp#27;[35m[AndroidBootstrap]&amp#27;[39m [BOOTSTRAP LOG] [debug] Element[] is null: (3)
[debug] &amp#27;[35m[AndroidBootstrap]&amp#27;[39m [BOOTSTRAP LOG] [debug] getElements tmp selector:UiSelector[INSTANCE=3, RESOURCE_ID=android:id/title]
[debug] &amp#27;[35m[AndroidBootstrap]&amp#27;[39m Received command result from bootstrap
[debug] &amp#27;[35m[W3C (23670370)]&amp#27;[39m Responding to client with driver.findElements() result: [{"element-6066-11e4-a52e-4f735466cecf":"5","ELEMENT":"5"},{"element-6066-11e4-a52e-4f735466cecf":"6","ELEMENT":"6"},{"element-6066-11e4-a52e-4f735466cecf":"7","ELEMENT":"7"}]
&amp#27;[35m[HTTP]&amp#27;[39m &amp#27;[37m<-- POST /wd/hub/session/23670370-4a0e-433c-b64b-e1940a9176a9/elements &amp#27;[39m&amp#27;[32m200&amp#27;[39m &amp#27;[90m802 ms - 185&amp#27;[39m
&amp#27;[35m[HTTP]&amp#27;[39m &amp#27;[90m&amp#27;[39m
[debug] &amp#27;[35m[AndroidBootstrap]&amp#27;[39m [BOOTSTRAP LOG] [debug] Returning result: {"status":0,"value":[{"ELEMENT":"5"},{"ELEMENT":"6"},{"ELEMENT":"7"}]}
&amp#27;[35m[HTTP]&amp#27;[39m &amp#27;[37m-->&amp#27;[39m &amp#27;[37mPOST&amp#27;[39m &amp#27;[37m/wd/hub/session/23670370-4a0e-433c-b64b-e1940a9176a9/element/5/click&amp#27;[39m
&amp#27;[35m[HTTP]&amp#27;[39m &amp#27;[90m{"id":"5"}&amp#27;[39m
[debug] &amp#27;[35m[W3C (23670370)]&amp#27;[39m Calling AppiumDriver.click() with args: ["5","23670370-4a0e-433c-b64b-e1940a9176a9"]
[debug] &amp#27;[35m[AndroidBootstrap]&amp#27;[39m Sending command to android: {"cmd":"action","action":"element:click","params":{"elementId":"5"}}
[debug] &amp#27;[35m[AndroidBootstrap]&amp#27;[39m [BOOTSTRAP LOG] [debug] Got data from client: {"cmd":"action","action":"element:click","params":{"elementId":"5"}}
[debug] &amp#27;[35m[AndroidBootstrap]&amp#27;[39m [BOOTSTRAP LOG] [debug] Got command of type ACTION
[debug] &amp#27;[35m[AndroidBootstrap]&amp#27;[39m [BOOTSTRAP LOG] [debug] Got command action: click
[debug] &amp#27;[35m[AndroidBootstrap]&amp#27;[39m Received command result from bootstrap
[debug] &amp#27;[35m[W3C (23670370)]&amp#27;[39m Responding to client with driver.click() result: true
&amp#27;[35m[HTTP]&amp#27;[39m &amp#27;[37m<-- POST /wd/hub/session/23670370-4a0e-433c-b64b-e1940a9176a9/element/5/click &amp#27;[39m&amp#27;[32m200&amp#27;[39m &amp#27;[90m156 ms - 14&amp#27;[39m
&amp#27;[35m[HTTP]&amp#27;[39m &amp#27;[90m&amp#27;[39m
[debug] &amp#27;[35m[AndroidBootstrap]&amp#27;[39m [BOOTSTRAP LOG] [debug] Returning result: {"status":0,"value":true}
&amp#27;[35m[HTTP]&amp#27;[39m &amp#27;[37m-->&amp#27;[39m &amp#27;[37mGET&amp#27;[39m &amp#27;[37m/wd/hub/session/23670370-4a0e-433c-b64b-e1940a9176a9/context&amp#27;[39m
&amp#27;[35m[HTTP]&amp#27;[39m &amp#27;[90m{}&amp#27;[39m
[debug] &amp#27;[35m[W3C (23670370)]&amp#27;[39m Calling AppiumDriver.getCurrentContext() with args: ["23670370-4a0e-433c-b64b-e1940a9176a9"]
[debug] &amp#27;[35m[W3C (23670370)]&amp#27;[39m Responding to client with driver.getCurrentContext() result: "NATIVE_APP"
&amp#27;[35m[HTTP]&amp#27;[39m &amp#27;[37m<-- GET /wd/hub/session/23670370-4a0e-433c-b64b-e1940a9176a9/context &amp#27;[39m&amp#27;[32m200&amp#27;[39m &amp#27;[90m2 ms - 22&amp#27;[39m
&amp#27;[35m[HTTP]&amp#27;[39m &amp#27;[90m&amp#27;[39m
&amp#27;[35m[HTTP]&amp#27;[39m &amp#27;[37m-->&amp#27;[39m &amp#27;[37mPOST&amp#27;[39m &amp#27;[37m/wd/hub/session/23670370-4a0e-433c-b64b-e1940a9176a9/element&amp#27;[39m
&amp#27;[35m[HTTP]&amp#27;[39m &amp#27;[90m{"using":"id","value":"com.communitake.mdc.supportsip:id/menuImage"}&amp#27;[39m
[debug] &amp#27;[35m[W3C (23670370)]&amp#27;[39m Calling AppiumDriver.findElement() with args: ["id","com.communitake.mdc.supportsip:id/menuImage","23670370-4a0e-433c-b64b-e1940a9176a9"]
[debug] &amp#27;[35m[BaseDriver]&amp#27;[39m Valid locator strategies for this request: xpath, id, class name, accessibility id, -android uiautomator
[debug] &amp#27;[35m[BaseDriver]&amp#27;[39m Waiting up to 10000 ms for condition
[debug] &amp#27;[35m[AndroidBootstrap]&amp#27;[39m Sending command to android: {"cmd":"action","action":"find","params":{"strategy":"id","selector":"com.communitake.mdc.supportsip:id/menuImage","context":"","multiple":false}}
[debug] &amp#27;[35m[AndroidBootstrap]&amp#27;[39m [BOOTSTRAP LOG] [debug] Got data from client: {"cmd":"action","action":"find","params":{"strategy":"id","selector":"com.communitake.mdc.supportsip:id/menuImage","context":"","multiple":false}}
[debug] &amp#27;[35m[AndroidBootstrap]&amp#27;[39m [BOOTSTRAP LOG] [debug] Got command of type ACTION
[debug] &amp#27;[35m[AndroidBootstrap]&amp#27;[39m [BOOTSTRAP LOG] [debug] Got command action: find
[debug] &amp#27;[35m[AndroidBootstrap]&amp#27;[39m [BOOTSTRAP LOG] [debug] Finding 'com.communitake.mdc.supportsip:id/menuImage' using 'ID' with the contextId: '' multiple: false
[debug] &amp#27;[35m[AndroidBootstrap]&amp#27;[39m [BOOTSTRAP LOG] [debug] Using: UiSelector[INSTANCE=0, RESOURCE_ID=com.communitake.mdc.supportsip:id/menuImage]
[debug] &amp#27;[35m[AndroidBootstrap]&amp#27;[39m [BOOTSTRAP LOG] [debug] Returning result: {"status":0,"value":{"ELEMENT":"8"}}
[debug] &amp#27;[35m[AndroidBootstrap]&amp#27;[39m Received command result from bootstrap
[debug] &amp#27;[35m[W3C (23670370)]&amp#27;[39m Responding to client with driver.findElement() result: {"element-6066-11e4-a52e-4f735466cecf":"8","ELEMENT":"8"}
&amp#27;[35m[HTTP]&amp#27;[39m &amp#27;[37m<-- POST /wd/hub/session/23670370-4a0e-433c-b64b-e1940a9176a9/element &amp#27;[39m&amp#27;[32m200&amp#27;[39m &amp#27;[90m547 ms - 67&amp#27;[39m
&amp#27;[35m[HTTP]&amp#27;[39m &amp#27;[90m&amp#27;[39m
&amp#27;[35m[HTTP]&amp#27;[39m &amp#27;[37m-->&amp#27;[39m &amp#27;[37mPOST&amp#27;[39m &amp#27;[37m/wd/hub/session/23670370-4a0e-433c-b64b-e1940a9176a9/element/8/click&amp#27;[39m
&amp#27;[35m[HTTP]&amp#27;[39m &amp#27;[90m{"id":"8"}&amp#27;[39m
[debug] &amp#27;[35m[W3C (23670370)]&amp#27;[39m Calling AppiumDriver.click() with args: ["8","23670370-4a0e-433c-b64b-e1940a9176a9"]
[debug] &amp#27;[35m[AndroidBootstrap]&amp#27;[39m Sending command to android: {"cmd":"action","action":"element:click","params":{"elementId":"8"}}
[debug] &amp#27;[35m[AndroidBootstrap]&amp#27;[39m [BOOTSTRAP LOG] [debug] Got data from client: {"cmd":"action","action":"element:click","params":{"elementId":"8"}}
[debug] &amp#27;[35m[AndroidBootstrap]&amp#27;[39m [BOOTSTRAP LOG] [debug] Got command of type ACTION
[debug] &amp#27;[35m[AndroidBootstrap]&amp#27;[39m [BOOTSTRAP LOG] [debug] Got command action: click
[debug] &amp#27;[35m[AndroidBootstrap]&amp#27;[39m [BOOTSTRAP LOG] [debug] Returning result: {"status":0,"value":true}
[debug] &amp#27;[35m[AndroidBootstrap]&amp#27;[39m Received command result from bootstrap
[debug] &amp#27;[35m[W3C (23670370)]&amp#27;[39m Responding to client with driver.click() result: true
&amp#27;[35m[HTTP]&amp#27;[39m &amp#27;[37m<-- POST /wd/hub/session/23670370-4a0e-433c-b64b-e1940a9176a9/element/8/click &amp#27;[39m&amp#27;[32m200&amp#27;[39m &amp#27;[90m378 ms - 14&amp#27;[39m
&amp#27;[35m[HTTP]&amp#27;[39m &amp#27;[90m&amp#27;[39m
&amp#27;[35m[HTTP]&amp#27;[39m &amp#27;[37m-->&amp#27;[39m &amp#27;[37mGET&amp#27;[39m &amp#27;[37m/wd/hub/session/23670370-4a0e-433c-b64b-e1940a9176a9/context&amp#27;[39m
&amp#27;[35m[HTTP]&amp#27;[39m &amp#27;[90m{}&amp#27;[39m
[debug] &amp#27;[35m[W3C (23670370)]&amp#27;[39m Calling AppiumDriver.getCurrentContext() with args: ["23670370-4a0e-433c-b64b-e1940a9176a9"]
[debug] &amp#27;[35m[W3C (23670370)]&amp#27;[39m Responding to client with driver.getCurrentContext() result: "NATIVE_APP"
&amp#27;[35m[HTTP]&amp#27;[39m &amp#27;[37m<-- GET /wd/hub/session/23670370-4a0e-433c-b64b-e1940a9176a9/context &amp#27;[39m&amp#27;[32m200&amp#27;[39m &amp#27;[90m1 ms - 22&amp#27;[39m
&amp#27;[35m[HTTP]&amp#27;[39m &amp#27;[90m&amp#27;[39m
&amp#27;[35m[HTTP]&amp#27;[39m &amp#27;[37m-->&amp#27;[39m &amp#27;[37mPOST&amp#27;[39m &amp#27;[37m/wd/hub/session/23670370-4a0e-433c-b64b-e1940a9176a9/elements&amp#27;[39m
&amp#27;[35m[HTTP]&amp#27;[39m &amp#27;[90m{"using":"id","value":"android:id/title"}&amp#27;[39m
[debug] &amp#27;[35m[W3C (23670370)]&amp#27;[39m Calling AppiumDriver.findElements() with args: ["id","android:id/title","23670370-4a0e-433c-b64b-e1940a9176a9"]
[debug] &amp#27;[35m[BaseDriver]&amp#27;[39m Valid locator strategies for this request: xpath, id, class name, accessibility id, -android uiautomator
[debug] &amp#27;[35m[BaseDriver]&amp#27;[39m Waiting up to 10000 ms for condition
[debug] &amp#27;[35m[AndroidBootstrap]&amp#27;[39m Sending command to android: {"cmd":"action","action":"find","params":{"strategy":"id","selector":"android:id/title","context":"","multiple":true}}
[debug] &amp#27;[35m[AndroidBootstrap]&amp#27;[39m [BOOTSTRAP LOG] [debug] Got data from client: {"cmd":"action","action":"find","params":{"strategy":"id","selector":"android:id/title","context":"","multiple":true}}
[debug] &amp#27;[35m[AndroidBootstrap]&amp#27;[39m [BOOTSTRAP LOG] [debug] Got command of type ACTION
[debug] &amp#27;[35m[AndroidBootstrap]&amp#27;[39m [BOOTSTRAP LOG] [debug] Got command action: find
[debug] &amp#27;[35m[AndroidBootstrap]&amp#27;[39m [BOOTSTRAP LOG] [debug] Finding 'android:id/title' using 'ID' with the contextId: '' multiple: true
[debug] &amp#27;[35m[AndroidBootstrap]&amp#27;[39m [BOOTSTRAP LOG] [debug] Using: UiSelector[RESOURCE_ID=android:id/title]
[debug] &amp#27;[35m[AndroidBootstrap]&amp#27;[39m [BOOTSTRAP LOG] [debug] getElements selector:UiSelector[RESOURCE_ID=android:id/title]
[debug] &amp#27;[35m[AndroidBootstrap]&amp#27;[39m [BOOTSTRAP LOG] [debug] Element[] is null: (0)
[debug] &amp#27;[35m[AndroidBootstrap]&amp#27;[39m [BOOTSTRAP LOG] [debug] getElements tmp selector:UiSelector[INSTANCE=0, RESOURCE_ID=android:id/title]
[debug] &amp#27;[35m[AndroidBootstrap]&amp#27;[39m [BOOTSTRAP LOG] [debug] Element[] is null: (1)
[debug] &amp#27;[35m[AndroidBootstrap]&amp#27;[39m [BOOTSTRAP LOG] [debug] getElements tmp selector:UiSelector[INSTANCE=1, RESOURCE_ID=android:id/title]
[debug] &amp#27;[35m[AndroidBootstrap]&amp#27;[39m [BOOTSTRAP LOG] [debug] Element[] is null: (2)
[debug] &amp#27;[35m[AndroidBootstrap]&amp#27;[39m [BOOTSTRAP LOG] [debug] getElements tmp selector:UiSelector[INSTANCE=2, RESOURCE_ID=android:id/title]
[debug] &amp#27;[35m[AndroidBootstrap]&amp#27;[39m [BOOTSTRAP LOG] [debug] Element[] is null: (3)
[debug] &amp#27;[35m[AndroidBootstrap]&amp#27;[39m [BOOTSTRAP LOG] [debug] getElements tmp selector:UiSelector[INSTANCE=3, RESOURCE_ID=android:id/title]
[debug] &amp#27;[35m[AndroidBootstrap]&amp#27;[39m Received command result from bootstrap
[debug] &amp#27;[35m[W3C (23670370)]&amp#27;[39m Responding to client with driver.findElements() result: [{"element-6066-11e4-a52e-4f735466cecf":"9","ELEMENT":"9"},{"element-6066-11e4-a52e-4f735466cecf":"10","ELEMENT":"10"},{"element-6066-11e4-a52e-4f735466cecf":"11","ELEMENT":"11"}]
&amp#27;[35m[HTTP]&amp#27;[39m &amp#27;[37m<-- POST /wd/hub/session/23670370-4a0e-433c-b64b-e1940a9176a9/elements &amp#27;[39m&amp#27;[32m200&amp#27;[39m &amp#27;[90m1065 ms - 189&amp#27;[39m
&amp#27;[35m[HTTP]&amp#27;[39m &amp#27;[90m&amp#27;[39m
[debug] &amp#27;[35m[AndroidBootstrap]&amp#27;[39m [BOOTSTRAP LOG] [debug] Returning result: {"status":0,"value":[{"ELEMENT":"9"},{"ELEMENT":"10"},{"ELEMENT":"11"}]}
&amp#27;[35m[HTTP]&amp#27;[39m &amp#27;[37m-->&amp#27;[39m &amp#27;[37mPOST&amp#27;[39m &amp#27;[37m/wd/hub/session/23670370-4a0e-433c-b64b-e1940a9176a9/element/9/click&amp#27;[39m
&amp#27;[35m[HTTP]&amp#27;[39m &amp#27;[90m{"id":"9"}&amp#27;[39m
[debug] &amp#27;[35m[W3C (23670370)]&amp#27;[39m Calling AppiumDriver.click() with args: ["9","23670370-4a0e-433c-b64b-e1940a9176a9"]
[debug] &amp#27;[35m[AndroidBootstrap]&amp#27;[39m Sending command to android: {"cmd":"action","action":"element:click","params":{"elementId":"9"}}
[debug] &amp#27;[35m[AndroidBootstrap]&amp#27;[39m [BOOTSTRAP LOG] [debug] Got data from client: {"cmd":"action","action":"element:click","params":{"elementId":"9"}}
[debug] &amp#27;[35m[AndroidBootstrap]&amp#27;[39m [BOOTSTRAP LOG] [debug] Got command of type ACTION
[debug] &amp#27;[35m[AndroidBootstrap]&amp#27;[39m [BOOTSTRAP LOG] [debug] Got command action: click
[debug] &amp#27;[35m[AndroidBootstrap]&amp#27;[39m [BOOTSTRAP LOG] [debug] Returning result: {"status":0,"value":true}
[debug] &amp#27;[35m[AndroidBootstrap]&amp#27;[39m Received command result from bootstrap
[debug] &amp#27;[35m[W3C (23670370)]&amp#27;[39m Responding to client with driver.click() result: true
&amp#27;[35m[HTTP]&amp#27;[39m &amp#27;[37m<-- POST /wd/hub/session/23670370-4a0e-433c-b64b-e1940a9176a9/element/9/click &amp#27;[39m&amp#27;[32m200&amp#27;[39m &amp#27;[90m197 ms - 14&amp#27;[39m
&amp#27;[35m[HTTP]&amp#27;[39m &amp#27;[90m&amp#27;[39m
&amp#27;[35m[HTTP]&amp#27;[39m &amp#27;[37m-->&amp#27;[39m &amp#27;[37mPOST&amp#27;[39m &amp#27;[37m/wd/hub/session/23670370-4a0e-433c-b64b-e1940a9176a9/appium/device/start_activity&amp#27;[39m
&amp#27;[35m[HTTP]&amp#27;[39m &amp#27;[90m{"appPackage":"com.android.settings","appActivity":".Settings","appWaitPackage":"","appWaitActivity":"","dontStopAppOnReset":false,"intentAction":"","intentCategory":"","intentFlags":"","optionalIntentArguments":""}&amp#27;[39m
[debug] &amp#27;[35m[W3C (23670370)]&amp#27;[39m Calling AppiumDriver.startActivity() with args: ["com.android.settings",".Settings","","","","","","",false,null,null,"23670370-4a0e-433c-b64b-e1940a9176a9"]
[debug] &amp#27;[35m[AndroidDriver]&amp#27;[39m Starting package 'com.android.settings' and activity '.Settings'
[debug] &amp#27;[35m[ADB]&amp#27;[39m Running 'C:\Users\Nissim Automation\AppData\Local\Android\Sdk\platform-tools\adb.exe -P 5037 -s CTGED020000261 shell am start -W -n com.android.settings/.Settings -S'
[debug] &amp#27;[35m[ADB]&amp#27;[39m Waiting up to 20000ms for activity matching pkg: 'com.android.settings' and activity: '.Settings' to be focused
[debug] &amp#27;[35m[ADB]&amp#27;[39m Possible activities, to be checked: 'com.android.settings.Settings'
[debug] &amp#27;[35m[ADB]&amp#27;[39m Getting focused package and activity
[debug] &amp#27;[35m[ADB]&amp#27;[39m Running 'C:\Users\Nissim Automation\AppData\Local\Android\Sdk\platform-tools\adb.exe -P 5037 -s CTGED020000261 shell dumpsys window windows'
[debug] &amp#27;[35m[ADB]&amp#27;[39m Found package: 'com.android.settings' and fully qualified activity name : 'com.android.settings.Settings'
[debug] &amp#27;[35m[W3C (23670370)]&amp#27;[39m Responding to client with driver.startActivity() result: null
&amp#27;[35m[HTTP]&amp#27;[39m &amp#27;[37m<-- POST /wd/hub/session/23670370-4a0e-433c-b64b-e1940a9176a9/appium/device/start_activity &amp#27;[39m&amp#27;[32m200&amp#27;[39m &amp#27;[90m1466 ms - 14&amp#27;[39m
&amp#27;[35m[HTTP]&amp#27;[39m &amp#27;[90m&amp#27;[39m
&amp#27;[35m[HTTP]&amp#27;[39m &amp#27;[37m-->&amp#27;[39m &amp#27;[37mGET&amp#27;[39m &amp#27;[37m/wd/hub/session/23670370-4a0e-433c-b64b-e1940a9176a9/context&amp#27;[39m
&amp#27;[35m[HTTP]&amp#27;[39m &amp#27;[90m{}&amp#27;[39m
[debug] &amp#27;[35m[W3C (23670370)]&amp#27;[39m Calling AppiumDriver.getCurrentContext() with args: ["23670370-4a0e-433c-b64b-e1940a9176a9"]
[debug] &amp#27;[35m[W3C (23670370)]&amp#27;[39m Responding to client with driver.getCurrentContext() result: "NATIVE_APP"
&amp#27;[35m[HTTP]&amp#27;[39m &amp#27;[37m<-- GET /wd/hub/session/23670370-4a0e-433c-b64b-e1940a9176a9/context &amp#27;[39m&amp#27;[32m200&amp#27;[39m &amp#27;[90m1 ms - 22&amp#27;[39m
&amp#27;[35m[HTTP]&amp#27;[39m &amp#27;[90m&amp#27;[39m
&amp#27;[35m[HTTP]&amp#27;[39m &amp#27;[37m-->&amp#27;[39m &amp#27;[37mPOST&amp#27;[39m &amp#27;[37m/wd/hub/session/23670370-4a0e-433c-b64b-e1940a9176a9/element&amp#27;[39m
&amp#27;[35m[HTTP]&amp#27;[39m &amp#27;[90m{"using":"xpath","value":"//*[@text='Bluetooth']"}&amp#27;[39m
[debug] &amp#27;[35m[W3C (23670370)]&amp#27;[39m Calling AppiumDriver.findElement() with args: ["xpath","//*[@text='Bluetooth']","23670370-4a0e-433c-b64b-e1940a9176a9"]
[debug] &amp#27;[35m[BaseDriver]&amp#27;[39m Valid locator strategies for this request: xpath, id, class name, accessibility id, -android uiautomator
[debug] &amp#27;[35m[BaseDriver]&amp#27;[39m Waiting up to 10000 ms for condition
[debug] &amp#27;[35m[AndroidBootstrap]&amp#27;[39m Sending command to android: {"cmd":"action","action":"find","params":{"strategy":"xpath","selector":"//*[@text='Bluetooth']","context":"","multiple":false}}
[debug] &amp#27;[35m[AndroidBootstrap]&amp#27;[39m [BOOTSTRAP LOG] [debug] Got data from client: {"cmd":"action","action":"find","params":{"strategy":"xpath","selector":"//*[@text='Bluetooth']","context":"","multiple":false}}
[debug] &amp#27;[35m[AndroidBootstrap]&amp#27;[39m [BOOTSTRAP LOG] [debug] Got command of type ACTION
[debug] &amp#27;[35m[AndroidBootstrap]&amp#27;[39m [BOOTSTRAP LOG] [debug] Got command action: find
[debug] &amp#27;[35m[AndroidBootstrap]&amp#27;[39m [BOOTSTRAP LOG] [debug] Finding '//*[@text='Bluetooth']' using 'XPATH' with the contextId: '' multiple: false
[debug] &amp#27;[35m[AndroidBootstrap]&amp#27;[39m [BOOTSTRAP LOG] [debug] Using: UiSelector[CLASS=android.widget.TextView, INSTANCE=6]
[debug] &amp#27;[35m[AndroidBootstrap]&amp#27;[39m [BOOTSTRAP LOG] [debug] Returning result: {"status":0,"value":{"ELEMENT":"12"}}
[debug] &amp#27;[35m[AndroidBootstrap]&amp#27;[39m Received command result from bootstrap
[debug] &amp#27;[35m[W3C (23670370)]&amp#27;[39m Responding to client with driver.findElement() result: {"element-6066-11e4-a52e-4f735466cecf":"12","ELEMENT":"12"}
&amp#27;[35m[HTTP]&amp#27;[39m &amp#27;[37m<-- POST /wd/hub/session/23670370-4a0e-433c-b64b-e1940a9176a9/element &amp#27;[39m&amp#27;[32m200&amp#27;[39m &amp#27;[90m811 ms - 69&amp#27;[39m
&amp#27;[35m[HTTP]&amp#27;[39m &amp#27;[90m&amp#27;[39m
&amp#27;[35m[HTTP]&amp#27;[39m &amp#27;[37m-->&amp#27;[39m &amp#27;[37mPOST&amp#27;[39m &amp#27;[37m/wd/hub/session/23670370-4a0e-433c-b64b-e1940a9176a9/element/12/click&amp#27;[39m
&amp#27;[35m[HTTP]&amp#27;[39m &amp#27;[90m{"id":"12"}&amp#27;[39m
[debug] &amp#27;[35m[W3C (23670370)]&amp#27;[39m Calling AppiumDriver.click() with args: ["12","23670370-4a0e-433c-b64b-e1940a9176a9"]
[debug] &amp#27;[35m[AndroidBootstrap]&amp#27;[39m Sending command to android: {"cmd":"action","action":"element:click","params":{"elementId":"12"}}
[debug] &amp#27;[35m[AndroidBootstrap]&amp#27;[39m [BOOTSTRAP LOG] [debug] Got data from client: {"cmd":"action","action":"element:click","params":{"elementId":"12"}}
[debug] &amp#27;[35m[AndroidBootstrap]&amp#27;[39m [BOOTSTRAP LOG] [debug] Got command of type ACTION
[debug] &amp#27;[35m[AndroidBootstrap]&amp#27;[39m [BOOTSTRAP LOG] [debug] Got command action: click
[debug] &amp#27;[35m[AndroidBootstrap]&amp#27;[39m Received command result from bootstrap
[debug] &amp#27;[35m[W3C (23670370)]&amp#27;[39m Responding to client with driver.click() result: true
&amp#27;[35m[HTTP]&amp#27;[39m &amp#27;[37m<-- POST /wd/hub/session/23670370-4a0e-433c-b64b-e1940a9176a9/element/12/click &amp#27;[39m&amp#27;[32m200&amp#27;[39m &amp#27;[90m621 ms - 14&amp#27;[39m
&amp#27;[35m[HTTP]&amp#27;[39m &amp#27;[90m&amp#27;[39m
[debug] &amp#27;[35m[AndroidBootstrap]&amp#27;[39m [BOOTSTRAP LOG] [debug] Returning result: {"status":0,"value":true}
&amp#27;[35m[HTTP]&amp#27;[39m &amp#27;[37m-->&amp#27;[39m &amp#27;[37mGET&amp#27;[39m &amp#27;[37m/wd/hub/session/23670370-4a0e-433c-b64b-e1940a9176a9/context&amp#27;[39m
&amp#27;[35m[HTTP]&amp#27;[39m &amp#27;[90m{}&amp#27;[39m
[debug] &amp#27;[35m[W3C (23670370)]&amp#27;[39m Calling AppiumDriver.getCurrentContext() with args: ["23670370-4a0e-433c-b64b-e1940a9176a9"]
[debug] &amp#27;[35m[W3C (23670370)]&amp#27;[39m Responding to client with driver.getCurrentContext() result: "NATIVE_APP"
&amp#27;[35m[HTTP]&amp#27;[39m &amp#27;[37m<-- GET /wd/hub/session/23670370-4a0e-433c-b64b-e1940a9176a9/context &amp#27;[39m&amp#27;[32m200&amp#27;[39m &amp#27;[90m4 ms - 22&amp#27;[39m
&amp#27;[35m[HTTP]&amp#27;[39m &amp#27;[90m&amp#27;[39m
&amp#27;[35m[HTTP]&amp#27;[39m &amp#27;[37m-->&amp#27;[39m &amp#27;[37mPOST&amp#27;[39m &amp#27;[37m/wd/hub/session/23670370-4a0e-433c-b64b-e1940a9176a9/element&amp#27;[39m
&amp#27;[35m[HTTP]&amp#27;[39m &amp#27;[90m{"using":"xpath","value":"//*[@text='Connection preferences']"}&amp#27;[39m
[debug] &amp#27;[35m[W3C (23670370)]&amp#27;[39m Calling AppiumDriver.findElement() with args: ["xpath","//*[@text='Connection preferences']","23670370-4a0e-433c-b64b-e1940a9176a9"]
[debug] &amp#27;[35m[BaseDriver]&amp#27;[39m Valid locator strategies for this request: xpath, id, class name, accessibility id, -android uiautomator
[debug] &amp#27;[35m[BaseDriver]&amp#27;[39m Waiting up to 10000 ms for condition
[debug] &amp#27;[35m[AndroidBootstrap]&amp#27;[39m Sending command to android: {"cmd":"action","action":"find","params":{"strategy":"xpath","selector":"//*[@text='Connection preferences']","context":"","multiple":false}}
[debug] &amp#27;[35m[AndroidBootstrap]&amp#27;[39m [BOOTSTRAP LOG] [debug] Got data from client: {"cmd":"action","action":"find","params":{"strategy":"xpath","selector":"//*[@text='Connection preferences']","context":"","multiple":false}}
[debug] &amp#27;[35m[AndroidBootstrap]&amp#27;[39m [BOOTSTRAP LOG] [debug] Got command of type ACTION
[debug] &amp#27;[35m[AndroidBootstrap]&amp#27;[39m [BOOTSTRAP LOG] [debug] Got command action: find
[debug] &amp#27;[35m[AndroidBootstrap]&amp#27;[39m [BOOTSTRAP LOG] [debug] Finding '//*[@text='Connection preferences']' using 'XPATH' with the contextId: '' multiple: false
[debug] &amp#27;[35m[AndroidBootstrap]&amp#27;[39m [BOOTSTRAP LOG] [debug] Using: UiSelector[CLASS=android.widget.TextView, INSTANCE=8]
[debug] &amp#27;[35m[AndroidBootstrap]&amp#27;[39m Received command result from bootstrap
[debug] &amp#27;[35m[W3C (23670370)]&amp#27;[39m Responding to client with driver.findElement() result: {"element-6066-11e4-a52e-4f735466cecf":"13","ELEMENT":"13"}
&amp#27;[35m[HTTP]&amp#27;[39m &amp#27;[37m<-- POST /wd/hub/session/23670370-4a0e-433c-b64b-e1940a9176a9/element &amp#27;[39m&amp#27;[32m200&amp#27;[39m &amp#27;[90m104 ms - 69&amp#27;[39m
&amp#27;[35m[HTTP]&amp#27;[39m &amp#27;[90m&amp#27;[39m
[debug] &amp#27;[35m[AndroidBootstrap]&amp#27;[39m [BOOTSTRAP LOG] [debug] Returning result: {"status":0,"value":{"ELEMENT":"13"}}
&amp#27;[35m[HTTP]&amp#27;[39m &amp#27;[37m-->&amp#27;[39m &amp#27;[37mPOST&amp#27;[39m &amp#27;[37m/wd/hub/session/23670370-4a0e-433c-b64b-e1940a9176a9/element/13/click&amp#27;[39m
&amp#27;[35m[HTTP]&amp#27;[39m &amp#27;[90m{"id":"13"}&amp#27;[39m
[debug] &amp#27;[35m[W3C (23670370)]&amp#27;[39m Calling AppiumDriver.click() with args: ["13","23670370-4a0e-433c-b64b-e1940a9176a9"]
[debug] &amp#27;[35m[AndroidBootstrap]&amp#27;[39m Sending command to android: {"cmd":"action","action":"element:click","params":{"elementId":"13"}}
[debug] &amp#27;[35m[AndroidBootstrap]&amp#27;[39m [BOOTSTRAP LOG] [debug] Got data from client: {"cmd":"action","action":"element:click","params":{"elementId":"13"}}
[debug] &amp#27;[35m[AndroidBootstrap]&amp#27;[39m [BOOTSTRAP LOG] [debug] Got command of type ACTION
[debug] &amp#27;[35m[AndroidBootstrap]&amp#27;[39m [BOOTSTRAP LOG] [debug] Got command action: click
[debug] &amp#27;[35m[AndroidBootstrap]&amp#27;[39m Received command result from bootstrap
[debug] &amp#27;[35m[W3C (23670370)]&amp#27;[39m Responding to client with driver.click() result: true
&amp#27;[35m[HTTP]&amp#27;[39m &amp#27;[37m<-- POST /wd/hub/session/23670370-4a0e-433c-b64b-e1940a9176a9/element/13/click &amp#27;[39m&amp#27;[32m200&amp#27;[39m &amp#27;[90m590 ms - 14&amp#27;[39m
&amp#27;[35m[HTTP]&amp#27;[39m &amp#27;[90m&amp#27;[39m
[debug] &amp#27;[35m[AndroidBootstrap]&amp#27;[39m [BOOTSTRAP LOG] [debug] Returning result: {"status":0,"value":true}
&amp#27;[35m[HTTP]&amp#27;[39m &amp#27;[37m-->&amp#27;[39m &amp#27;[37mGET&amp#27;[39m &amp#27;[37m/wd/hub/session/23670370-4a0e-433c-b64b-e1940a9176a9/context&amp#27;[39m
&amp#27;[35m[HTTP]&amp#27;[39m &amp#27;[90m{}&amp#27;[39m
[...]
&amp#27;[35m[HTTP]&amp#27;[39m &amp#27;[90m{"using":"id","value":"com.communitake.mdc.supportsip:id/menuImage"}&amp#27;[39m
[debug] &amp#27;[35m[W3C (4d12d8d9)]&amp#27;[39m Calling AppiumDriver.findElement() with args: ["id","com.communitake.mdc.supportsip:id/menuImage","4d12d8d9-dbd0-4204-9a96-4940acb570b0"]
[debug] &amp#27;[35m[BaseDriver]&amp#27;[39m Valid locator strategies for this request: xpath, id, class name, accessibility id, -android uiautomator
[debug] &amp#27;[35m[BaseDriver]&amp#27;[39m Waiting up to 10000 ms for condition
[debug] &amp#27;[35m[AndroidBootstrap]&amp#27;[39m Sending command to android: {"cmd":"action","action":"find","params":{"strategy":"id","selector":"com.communitake.mdc.supportsip:id/menuImage","context":"","multiple":false}}
[debug] &amp#27;[35m[AndroidBootstrap]&amp#27;[39m [BOOTSTRAP LOG] [debug] Got data from client: {"cmd":"action","action":"find","params":{"strategy":"id","selector":"com.communitake.mdc.supportsip:id/menuImage","context":"","multiple":false}}
[debug] &amp#27;[35m[AndroidBootstrap]&amp#27;[39m [BOOTSTRAP LOG] [debug] Got command of type ACTION
[debug] &amp#27;[35m[AndroidBootstrap]&amp#27;[39m [BOOTSTRAP LOG] [debug] Got command action: find
[debug] &amp#27;[35m[AndroidBootstrap]&amp#27;[39m [BOOTSTRAP LOG] [debug] Finding 'com.communitake.mdc.supportsip:id/menuImage' using 'ID' with the contextId: '' multiple: false
[debug] &amp#27;[35m[AndroidBootstrap]&amp#27;[39m [BOOTSTRAP LOG] [debug] Using: UiSelector[INSTANCE=0, RESOURCE_ID=com.communitake.mdc.supportsip:id/menuImage]
[debug] &amp#27;[35m[AndroidBootstrap]&amp#27;[39m [BOOTSTRAP LOG] [debug] Returning result: {"status":0,"value":{"ELEMENT":"4"}}
[debug] &amp#27;[35m[AndroidBootstrap]&amp#27;[39m Received command result from bootstrap
[debug] &amp#27;[35m[W3C (4d12d8d9)]&amp#27;[39m Responding to client with driver.findElement() result: {"element-6066-11e4-a52e-4f735466cecf":"4","ELEMENT":"4"}
&amp#27;[35m[HTTP]&amp#27;[39m &amp#27;[37m<-- POST /wd/hub/session/4d12d8d9-dbd0-4204-9a96-4940acb570b0/element &amp#27;[39m&amp#27;[32m200&amp#27;[39m &amp#27;[90m563 ms - 67&amp#27;[39m
&amp#27;[35m[HTTP]&amp#27;[39m &amp#27;[90m&amp#27;[39m
&amp#27;[35m[HTTP]&amp#27;[39m &amp#27;[37m-->&amp#27;[39m &amp#27;[37mPOST&amp#27;[39m &amp#27;[37m/wd/hub/session/4d12d8d9-dbd0-4204-9a96-4940acb570b0/element/4/click&amp#27;[39m
&amp#27;[35m[HTTP]&amp#27;[39m &amp#27;[90m{"id":"4"}&amp#27;[39m
[debug] &amp#27;[35m[W3C (4d12d8d9)]&amp#27;[39m Calling AppiumDriver.click() with args: ["4","4d12d8d9-dbd0-4204-9a96-4940acb570b0"]
[debug] &amp#27;[35m[AndroidBootstrap]&amp#27;[39m Sending command to android: {"cmd":"action","action":"element:click","params":{"elementId":"4"}}
[debug] &amp#27;[35m[AndroidBootstrap]&amp#27;[39m [BOOTSTRAP LOG] [debug] Got data from client: {"cmd":"action","action":"element:click","params":{"elementId":"4"}}
[debug] &amp#27;[35m[AndroidBootstrap]&amp#27;[39m [BOOTSTRAP LOG] [debug] Got command of type ACTION
[debug] &amp#27;[35m[AndroidBootstrap]&amp#27;[39m [BOOTSTRAP LOG] [debug] Got command action: click
[debug] &amp#27;[35m[AndroidBootstrap]&amp#27;[39m Received command result from bootstrap
[debug] &amp#27;[35m[W3C (4d12d8d9)]&amp#27;[39m Responding to client with driver.click() result: true
&amp#27;[35m[HTTP]&amp#27;[39m &amp#27;[37m<-- POST /wd/hub/session/4d12d8d9-dbd0-4204-9a96-4940acb570b0/element/4/click &amp#27;[39m&amp#27;[32m200&amp#27;[39m &amp#27;[90m355 ms - 14&amp#27;[39m
&amp#27;[35m[HTTP]&amp#27;[39m &amp#27;[90m&amp#27;[39m
&amp#27;[35m[HTTP]&amp#27;[39m &amp#27;[37m-->&amp#27;[39m &amp#27;[37mGET&amp#27;[39m &amp#27;[37m/wd/hub/session/4d12d8d9-dbd0-4204-9a96-4940acb570b0/context&amp#27;[39m
&amp#27;[35m[HTTP]&amp#27;[39m &amp#27;[90m{}&amp#27;[39m
[debug] &amp#27;[35m[W3C (4d12d8d9)]&amp#27;[39m Calling AppiumDriver.getCurrentContext() with args: ["4d12d8d9-dbd0-4204-9a96-4940acb570b0"]
[debug] &amp#27;[35m[W3C (4d12d8d9)]&amp#27;[39m Responding to client with driver.getCurrentContext() result: "NATIVE_APP"
&amp#27;[35m[HTTP]&amp#27;[39m &amp#27;[37m<-- GET /wd/hub/session/4d12d8d9-dbd0-4204-9a96-4940acb570b0/context &amp#27;[39m&amp#27;[32m200&amp#27;[39m &amp#27;[90m3 ms - 22&amp#27;[39m
&amp#27;[35m[HTTP]&amp#27;[39m &amp#27;[90m&amp#27;[39m
[debug] &amp#27;[35m[AndroidBootstrap]&amp#27;[39m [BOOTSTRAP LOG] [debug] Returning result: {"status":0,"value":true}
&amp#27;[35m[HTTP]&amp#27;[39m &amp#27;[37m-->&amp#27;[39m &amp#27;[37mPOST&amp#27;[39m &amp#27;[37m/wd/hub/session/4d12d8d9-dbd0-4204-9a96-4940acb570b0/elements&amp#27;[39m
&amp#27;[35m[HTTP]&amp#27;[39m &amp#27;[90m{"using":"id","value":"android:id/title"}&amp#27;[39m
[debug] &amp#27;[35m[W3C (4d12d8d9)]&amp#27;[39m Calling AppiumDriver.findElements() with args: ["id","android:id/title","4d12d8d9-dbd0-4204-9a96-4940acb570b0"]
[debug] &amp#27;[35m[BaseDriver]&amp#27;[39m Valid locator strategies for this request: xpath, id, class name, accessibility id, -android uiautomator
[debug] &amp#27;[35m[BaseDriver]&amp#27;[39m Waiting up to 10000 ms for condition
[debug] &amp#27;[35m[AndroidBootstrap]&amp#27;[39m Sending command to android: {"cmd":"action","action":"find","params":{"strategy":"id","selector":"android:id/title","context":"","multiple":true}}
[debug] &amp#27;[35m[AndroidBootstrap]&amp#27;[39m [BOOTSTRAP LOG] [debug] Got data from client: {"cmd":"action","action":"find","params":{"strategy":"id","selector":"android:id/title","context":"","multiple":true}}
[debug] &amp#27;[35m[AndroidBootstrap]&amp#27;[39m [BOOTSTRAP LOG] [debug] Got command of type ACTION
[debug] &amp#27;[35m[AndroidBootstrap]&amp#27;[39m [BOOTSTRAP LOG] [debug] Got command action: find
[debug] &amp#27;[35m[AndroidBootstrap]&amp#27;[39m [BOOTSTRAP LOG] [debug] Finding 'android:id/title' using 'ID' with the contextId: '' multiple: true
[debug] &amp#27;[35m[AndroidBootstrap]&amp#27;[39m [BOOTSTRAP LOG] [debug] Using: UiSelector[RESOURCE_ID=android:id/title]
[debug] &amp#27;[35m[AndroidBootstrap]&amp#27;[39m [BOOTSTRAP LOG] [debug] getElements selector:UiSelector[RESOURCE_ID=android:id/title]
[debug] &amp#27;[35m[AndroidBootstrap]&amp#27;[39m [BOOTSTRAP LOG] [debug] Element[] is null: (0)
[debug] &amp#27;[35m[AndroidBootstrap]&amp#27;[39m [BOOTSTRAP LOG] [debug] getElements tmp selector:UiSelector[INSTANCE=0, RESOURCE_ID=android:id/title]
[debug] &amp#27;[35m[AndroidBootstrap]&amp#27;[39m [BOOTSTRAP LOG] [debug] Element[] is null: (1)
[debug] &amp#27;[35m[AndroidBootstrap]&amp#27;[39m [BOOTSTRAP LOG] [debug] getElements tmp selector:UiSelector[INSTANCE=1, RESOURCE_ID=android:id/title]
[debug] &amp#27;[35m[AndroidBootstrap]&amp#27;[39m [BOOTSTRAP LOG] [debug] Element[] is null: (2)
[debug] &amp#27;[35m[AndroidBootstrap]&amp#27;[39m [BOOTSTRAP LOG] [debug] getElements tmp selector:UiSelector[INSTANCE=2, RESOURCE_ID=android:id/title]
[debug] &amp#27;[35m[AndroidBootstrap]&amp#27;[39m [BOOTSTRAP LOG] [debug] Element[] is null: (3)
[debug] &amp#27;[35m[AndroidBootstrap]&amp#27;[39m [BOOTSTRAP LOG] [debug] getElements tmp selector:UiSelector[INSTANCE=3, RESOURCE_ID=android:id/title]
[debug] &amp#27;[35m[AndroidBootstrap]&amp#27;[39m Received command result from bootstrap
[debug] &amp#27;[35m[W3C (4d12d8d9)]&amp#27;[39m Responding to client with driver.findElements() result: [{"element-6066-11e4-a52e-4f735466cecf":"5","ELEMENT":"5"},{"element-6066-11e4-a52e-4f735466cecf":"6","ELEMENT":"6"},{"element-6066-11e4-a52e-4f735466cecf":"7","ELEMENT":"7"}]
&amp#27;[35m[HTTP]&amp#27;[39m &amp#27;[37m<-- POST /wd/hub/session/4d12d8d9-dbd0-4204-9a96-4940acb570b0/elements &amp#27;[39m&amp#27;[32m200&amp#27;[39m &amp#27;[90m824 ms - 185&amp#27;[39m
&amp#27;[35m[HTTP]&amp#27;[39m &amp#27;[90m&amp#27;[39m
&amp#27;[35m[HTTP]&amp#27;[39m &amp#27;[37m-->&amp#27;[39m &amp#27;[37mPOST&amp#27;[39m &amp#27;[37m/wd/hub/session/4d12d8d9-dbd0-4204-9a96-4940acb570b0/element/5/click&amp#27;[39m
&amp#27;[35m[HTTP]&amp#27;[39m &amp#27;[90m{"id":"5"}&amp#27;[39m
[debug] &amp#27;[35m[W3C (4d12d8d9)]&amp#27;[39m Calling AppiumDriver.click() with args: ["5","4d12d8d9-dbd0-4204-9a96-4940acb570b0"]
[debug] &amp#27;[35m[AndroidBootstrap]&amp#27;[39m Sending command to android: {"cmd":"action","action":"element:click","params":{"elementId":"5"}}
[debug] &amp#27;[35m[AndroidBootstrap]&amp#27;[39m [BOOTSTRAP LOG] [debug] Returning result: {"status":0,"value":[{"ELEMENT":"5"},{"ELEMENT":"6"},{"ELEMENT":"7"}]}
[debug] &amp#27;[35m[AndroidBootstrap]&amp#27;[39m [BOOTSTRAP LOG] [debug] Got data from client: {"cmd":"action","action":"element:click","params":{"elementId":"5"}}
[debug] &amp#27;[35m[AndroidBootstrap]&amp#27;[39m [BOOTSTRAP LOG] [debug] Got command of type ACTION
[debug] &amp#27;[35m[AndroidBootstrap]&amp#27;[39m [BOOTSTRAP LOG] [debug] Got command action: click
[debug] &amp#27;[35m[AndroidBootstrap]&amp#27;[39m Received command result from bootstrap
[debug] &amp#27;[35m[W3C (4d12d8d9)]&amp#27;[39m Responding to client with driver.click() result: true
&amp#27;[35m[HTTP]&amp#27;[39m &amp#27;[37m<-- POST /wd/hub/session/4d12d8d9-dbd0-4204-9a96-4940acb570b0/element/5/click &amp#27;[39m&amp#27;[32m200&amp#27;[39m &amp#27;[90m148 ms - 14&amp#27;[39m
&amp#27;[35m[HTTP]&amp#27;[39m &amp#27;[90m&amp#27;[39m
&amp#27;[35m[HTTP]&amp#27;[39m &amp#27;[37m-->&amp#27;[39m &amp#27;[37mGET&amp#27;[39m &amp#27;[37m/wd/hub/session/4d12d8d9-dbd0-4204-9a96-4940acb570b0/context&amp#27;[39m
&amp#27;[35m[HTTP]&amp#27;[39m &amp#27;[90m{}&amp#27;[39m
[debug] &amp#27;[35m[W3C (4d12d8d9)]&amp#27;[39m Calling AppiumDriver.getCurrentContext() with args: ["4d12d8d9-dbd0-4204-9a96-4940acb570b0"]
[debug] &amp#27;[35m[W3C (4d12d8d9)]&amp#27;[39m Responding to client with driver.getCurrentContext() result: "NATIVE_APP"
&amp#27;[35m[HTTP]&amp#27;[39m &amp#27;[37m<-- GET /wd/hub/session/4d12d8d9-dbd0-4204-9a96-4940acb570b0/context &amp#27;[39m&amp#27;[32m200&amp#27;[39m &amp#27;[90m2 ms - 22&amp#27;[39m
&amp#27;[35m[HTTP]&amp#27;[39m &amp#27;[90m&amp#27;[39m
&amp#27;[35m[HTTP]&amp#27;[39m &amp#27;[37m-->&amp#27;[39m &amp#27;[37mPOST&amp#27;[39m &amp#27;[37m/wd/hub/session/4d12d8d9-dbd0-4204-9a96-4940acb570b0/element&amp#27;[39m
&amp#27;[35m[HTTP]&amp#27;[39m &amp#27;[90m{"using":"id","value":"com.communitake.mdc.supportsip:id/menuImage"}&amp#27;[39m
[debug] &amp#27;[35m[W3C (4d12d8d9)]&amp#27;[39m Calling AppiumDriver.findElement() with args: ["id","com.communitake.mdc.supportsip:id/menuImage","4d12d8d9-dbd0-4204-9a96-4940acb570b0"]
[debug] &amp#27;[35m[BaseDriver]&amp#27;[39m Valid locator strategies for this request: xpath, id, class name, accessibility id, -android uiautomator
[debug] &amp#27;[35m[BaseDriver]&amp#27;[39m Waiting up to 10000 ms for condition
[debug] &amp#27;[35m[AndroidBootstrap]&amp#27;[39m Sending command to android: {"cmd":"action","action":"find","params":{"strategy":"id","selector":"com.communitake.mdc.supportsip:id/menuImage","context":"","multiple":false}}
[debug] &amp#27;[35m[AndroidBootstrap]&amp#27;[39m [BOOTSTRAP LOG] [debug] Returning result: {"status":0,"value":true}
[debug] &amp#27;[35m[AndroidBootstrap]&amp#27;[39m [BOOTSTRAP LOG] [debug] Got data from client: {"cmd":"action","action":"find","params":{"strategy":"id","selector":"com.communitake.mdc.supportsip:id/menuImage","context":"","multiple":false}}
[debug] &amp#27;[35m[AndroidBootstrap]&amp#27;[39m [BOOTSTRAP LOG] [debug] Got command of type ACTION
[debug] &amp#27;[35m[AndroidBootstrap]&amp#27;[39m [BOOTSTRAP LOG] [debug] Got command action: find
[debug] &amp#27;[35m[AndroidBootstrap]&amp#27;[39m [BOOTSTRAP LOG] [debug] Finding 'com.communitake.mdc.supportsip:id/menuImage' using 'ID' with the contextId: '' multiple: false
[debug] &amp#27;[35m[AndroidBootstrap]&amp#27;[39m [BOOTSTRAP LOG] [debug] Using: UiSelector[INSTANCE=0, RESOURCE_ID=com.communitake.mdc.supportsip:id/menuImage]
[debug] &amp#27;[35m[AndroidBootstrap]&amp#27;[39m Received command result from bootstrap
[debug] &amp#27;[35m[W3C (4d12d8d9)]&amp#27;[39m Responding to client with driver.findElement() result: {"element-6066-11e4-a52e-4f735466cecf":"8","ELEMENT":"8"}
&amp#27;[35m[HTTP]&amp#27;[39m &amp#27;[37m<-- POST /wd/hub/session/4d12d8d9-dbd0-4204-9a96-4940acb570b0/element &amp#27;[39m&amp#27;[32m200&amp#27;[39m &amp#27;[90m547 ms - 67&amp#27;[39m
&amp#27;[35m[HTTP]&amp#27;[39m &amp#27;[90m&amp#27;[39m
[debug] &amp#27;[35m[AndroidBootstrap]&amp#27;[39m [BOOTSTRAP LOG] [debug] Returning result: {"status":0,"value":{"ELEMENT":"8"}}
&amp#27;[35m[HTTP]&amp#27;[39m &amp#27;[37m-->&amp#27;[39m &amp#27;[37mPOST&amp#27;[39m &amp#27;[37m/wd/hub/session/4d12d8d9-dbd0-4204-9a96-4940acb570b0/element/8/click&amp#27;[39m
&amp#27;[35m[HTTP]&amp#27;[39m &amp#27;[90m{"id":"8"}&amp#27;[39m
[debug] &amp#27;[35m[W3C (4d12d8d9)]&amp#27;[39m Calling AppiumDriver.click() with args: ["8","4d12d8d9-dbd0-4204-9a96-4940acb570b0"]
[debug] &amp#27;[35m[AndroidBootstrap]&amp#27;[39m Sending command to android: {"cmd":"action","action":"element:click","params":{"elementId":"8"}}
[debug] &amp#27;[35m[AndroidBootstrap]&amp#27;[39m [BOOTSTRAP LOG] [debug] Got data from client: {"cmd":"action","action":"element:click","params":{"elementId":"8"}}
[debug] &amp#27;[35m[AndroidBootstrap]&amp#27;[39m [BOOTSTRAP LOG] [debug] Got command of type ACTION
[debug] &amp#27;[35m[AndroidBootstrap]&amp#27;[39m [BOOTSTRAP LOG] [debug] Got command action: click
[debug] &amp#27;[35m[AndroidBootstrap]&amp#27;[39m Received command result from bootstrap
[debug] &amp#27;[35m[W3C (4d12d8d9)]&amp#27;[39m Responding to client with driver.click() result: true
&amp#27;[35m[HTTP]&amp#27;[39m &amp#27;[37m<-- POST /wd/hub/session/4d12d8d9-dbd0-4204-9a96-4940acb570b0/element/8/click &amp#27;[39m&amp#27;[32m200&amp#27;[39m &amp#27;[90m381 ms - 14&amp#27;[39m
&amp#27;[35m[HTTP]&amp#27;[39m &amp#27;[90m&amp#27;[39m
&amp#27;[35m[HTTP]&amp#27;[39m &amp#27;[37m-->&amp#27;[39m &amp#27;[37mGET&amp#27;[39m &amp#27;[37m/wd/hub/session/4d12d8d9-dbd0-4204-9a96-4940acb570b0/context&amp#27;[39m
&amp#27;[35m[HTTP]&amp#27;[39m &amp#27;[90m{}&amp#27;[39m
[debug] &amp#27;[35m[W3C (4d12d8d9)]&amp#27;[39m Calling AppiumDriver.getCurrentContext() with args: ["4d12d8d9-dbd0-4204-9a96-4940acb570b0"]
[debug] &amp#27;[35m[W3C (4d12d8d9)]&amp#27;[39m Responding to client with driver.getCurrentContext() result: "NATIVE_APP"
&amp#27;[35m[HTTP]&amp#27;[39m &amp#27;[37m<-- GET /wd/hub/session/4d12d8d9-dbd0-4204-9a96-4940acb570b0/context &amp#27;[39m&amp#27;[32m200&amp#27;[39m &amp#27;[90m3 ms - 22&amp#27;[39m
&amp#27;[35m[HTTP]&amp#27;[39m &amp#27;[90m&amp#27;[39m
&amp#27;[35m[HTTP]&amp#27;[39m &amp#27;[37m-->&amp#27;[39m &amp#27;[37mPOST&amp#27;[39m &amp#27;[37m/wd/hub/session/4d12d8d9-dbd0-4204-9a96-4940acb570b0/elements&amp#27;[39m
&amp#27;[35m[HTTP]&amp#27;[39m &amp#27;[90m{"using":"id","value":"android:id/title"}&amp#27;[39m
[debug] &amp#27;[35m[W3C (4d12d8d9)]&amp#27;[39m Calling AppiumDriver.findElements() with args: ["id","android:id/title","4d12d8d9-dbd0-4204-9a96-4940acb570b0"]
[debug] &amp#27;[35m[BaseDriver]&amp#27;[39m Valid locator strategies for this request: xpath, id, class name, accessibility id, -android uiautomator
[debug] &amp#27;[35m[BaseDriver]&amp#27;[39m Waiting up to 10000 ms for condition
[debug] &amp#27;[35m[AndroidBootstrap]&amp#27;[39m Sending command to android: {"cmd":"action","action":"find","params":{"strategy":"id","selector":"android:id/title","context":"","multiple":true}}
[debug] &amp#27;[35m[AndroidBootstrap]&amp#27;[39m [BOOTSTRAP LOG] [debug] Returning result: {"status":0,"value":true}
[debug] &amp#27;[35m[AndroidBootstrap]&amp#27;[39m [BOOTSTRAP LOG] [debug] Got data from client: {"cmd":"action","action":"find","params":{"strategy":"id","selector":"android:id/title","context":"","multiple":true}}
[debug] &amp#27;[35m[AndroidBootstrap]&amp#27;[39m [BOOTSTRAP LOG] [debug] Got command of type ACTION
[debug] &amp#27;[35m[AndroidBootstrap]&amp#27;[39m [BOOTSTRAP LOG] [debug] Got command action: find
[debug] &amp#27;[35m[AndroidBootstrap]&amp#27;[39m [BOOTSTRAP LOG] [debug] Finding 'android:id/title' using 'ID' with the contextId: '' multiple: true
[debug] &amp#27;[35m[AndroidBootstrap]&amp#27;[39m [BOOTSTRAP LOG] [debug] Using: UiSelector[RESOURCE_ID=android:id/title]
[debug] &amp#27;[35m[AndroidBootstrap]&amp#27;[39m [BOOTSTRAP LOG] [debug] getElements selector:UiSelector[RESOURCE_ID=android:id/title]
[debug] &amp#27;[35m[AndroidBootstrap]&amp#27;[39m [BOOTSTRAP LOG] [debug] Element[] is null: (0)
[debug] &amp#27;[35m[AndroidBootstrap]&amp#27;[39m [BOOTSTRAP LOG] [debug] getElements tmp selector:UiSelector[INSTANCE=0, RESOURCE_ID=android:id/title]
[debug] &amp#27;[35m[AndroidBootstrap]&amp#27;[39m [BOOTSTRAP LOG] [debug] Element[] is null: (1)
[debug] &amp#27;[35m[AndroidBootstrap]&amp#27;[39m [BOOTSTRAP LOG] [debug] getElements tmp selector:UiSelector[INSTANCE=1, RESOURCE_ID=android:id/title]
[debug] &amp#27;[35m[AndroidBootstrap]&amp#27;[39m [BOOTSTRAP LOG] [debug] Element[] is null: (2)
[debug] &amp#27;[35m[AndroidBootstrap]&amp#27;[39m [BOOTSTRAP LOG] [debug] getElements tmp selector:UiSelector[INSTANCE=2, RESOURCE_ID=android:id/title]
[debug] &amp#27;[35m[AndroidBootstrap]&amp#27;[39m [BOOTSTRAP LOG] [debug] Element[] is null: (3)
[debug] &amp#27;[35m[AndroidBootstrap]&amp#27;[39m [BOOTSTRAP LOG] [debug] getElements tmp selector:UiSelector[INSTANCE=3, RESOURCE_ID=android:id/title]
[debug] &amp#27;[35m[AndroidBootstrap]&amp#27;[39m Received command result from bootstrap
[debug] &amp#27;[35m[W3C (4d12d8d9)]&amp#27;[39m Responding to client with driver.findElements() result: [{"element-6066-11e4-a52e-4f735466cecf":"9","ELEMENT":"9"},{"element-6066-11e4-a52e-4f735466cecf":"10","ELEMENT":"10"},{"element-6066-11e4-a52e-4f735466cecf":"11","ELEMENT":"11"}]
&amp#27;[35m[HTTP]&amp#27;[39m &amp#27;[37m<-- POST /wd/hub/session/4d12d8d9-dbd0-4204-9a96-4940acb570b0/elements &amp#27;[39m&amp#27;[32m200&amp#27;[39m &amp#27;[90m910 ms - 189&amp#27;[39m
&amp#27;[35m[HTTP]&amp#27;[39m &amp#27;[90m&amp#27;[39m
&amp#27;[35m[HTTP]&amp#27;[39m &amp#27;[37m-->&amp#27;[39m &amp#27;[37mPOST&amp#27;[39m &amp#27;[37m/wd/hub/session/4d12d8d9-dbd0-4204-9a96-4940acb570b0/element/9/click&amp#27;[39m
&amp#27;[35m[HTTP]&amp#27;[39m &amp#27;[90m{"id":"9"}&amp#27;[39m
[debug] &amp#27;[35m[W3C (4d12d8d9)]&amp#27;[39m Calling AppiumDriver.click() with args: ["9","4d12d8d9-dbd0-4204-9a96-4940acb570b0"]
[debug] &amp#27;[35m[AndroidBootstrap]&amp#27;[39m Sending command to android: {"cmd":"action","action":"element:click","params":{"elementId":"9"}}
[debug] &amp#27;[35m[AndroidBootstrap]&amp#27;[39m [BOOTSTRAP LOG] [debug] Returning result: {"status":0,"value":[{"ELEMENT":"9"},{"ELEMENT":"10"},{"ELEMENT":"11"}]}
[debug] &amp#27;[35m[AndroidBootstrap]&amp#27;[39m [BOOTSTRAP LOG] [debug] Got data from client: {"cmd":"action","action":"element:click","params":{"elementId":"9"}}
[debug] &amp#27;[35m[AndroidBootstrap]&amp#27;[39m [BOOTSTRAP LOG] [debug] Got command of type ACTION
[debug] &amp#27;[35m[AndroidBootstrap]&amp#27;[39m [BOOTSTRAP LOG] [debug] Got command action: click
[debug] &amp#27;[35m[AndroidBootstrap]&amp#27;[39m Received command result from bootstrap
[debug] &amp#27;[35m[W3C (4d12d8d9)]&amp#27;[39m Responding to client with driver.click() result: true
&amp#27;[35m[HTTP]&amp#27;[39m &amp#27;[37m<-- POST /wd/hub/session/4d12d8d9-dbd0-4204-9a96-4940acb570b0/element/9/click &amp#27;[39m&amp#27;[32m200&amp#27;[39m &amp#27;[90m176 ms - 14&amp#27;[39m
&amp#27;[35m[HTTP]&amp#27;[39m &amp#27;[90m&amp#27;[39m
[debug] &amp#27;[35m[AndroidBootstrap]&amp#27;[39m [BOOTSTRAP LOG] [debug] Returning result: {"status":0,"value":true}
]]></system-out>
    <system-err><![CDATA[Jan 04, 2021 8:07:00 AM io.appium.java_client.remote.AppiumCommandExecutor$1 lambda$0
INFO: Detected dialect: W3C
]]></system-err>
  </testcase>
</testsuite>