<?xml version="1.0" encoding="UTF-8"?>
<testng-results ignored="6" total="7" passed="0" failed="1" skipped="0">
  <reporter-output>
  </reporter-output>
  <suite started-at="2021-01-04T05:28:12 IST" name="Default suite" finished-at="2021-01-04T05:28:41 IST" duration-ms="28649">
    <groups>
    </groups>
    <test started-at="2021-01-04T05:28:12 IST" name="Default test" finished-at="2021-01-04T05:28:41 IST" duration-ms="28649">
      <class name="com.communitake.tests.automation.gms.FacilitiesTests">
        <test-method is-config="true" signature="mobile()[pri:0, instance:com.communitake.tests.automation.gms.FacilitiesTests@7fee8714]" started-at="2021-01-04T05:28:06 IST" name="mobile" finished-at="2021-01-04T05:28:12 IST" duration-ms="6811" status="PASS">
          <reporter-output>
          </reporter-output>
        </test-method> <!-- mobile -->
        <test-method is-config="true" signature="Web()[pri:0, instance:com.communitake.tests.automation.gms.FacilitiesTests@7fee8714]" started-at="2021-01-04T05:28:12 IST" name="Web" finished-at="2021-01-04T05:28:22 IST" duration-ms="9870" status="PASS">
          <reporter-output>
          </reporter-output>
        </test-method> <!-- Web -->
        <test-method is-config="true" signature="Appium()[pri:0, instance:com.communitake.tests.automation.gms.FacilitiesTests@7fee8714]" started-at="2021-01-04T05:28:22 IST" name="Appium" finished-at="2021-01-04T05:28:28 IST" duration-ms="6010" status="PASS">
          <reporter-output>
          </reporter-output>
        </test-method> <!-- Appium -->
        <test-method signature="wifi1()[pri:5, instance:com.communitake.tests.automation.gms.FacilitiesTests@7fee8714]" started-at="2021-01-04T05:28:28 IST" name="wifi1" finished-at="2021-01-04T05:28:38 IST" duration-ms="10028" status="FAIL">
          <exception class="java.lang.IndexOutOfBoundsException">
            <message>
              <![CDATA[Index 1 out of bounds for length 0]]>
            </message>
            <full-stacktrace>
              <![CDATA[java.lang.IndexOutOfBoundsException: Index 1 out of bounds for length 0
at java.base/jdk.internal.util.Preconditions.outOfBounds(Preconditions.java:64)
at java.base/jdk.internal.util.Preconditions.outOfBoundsCheckIndex(Preconditions.java:70)
at java.base/jdk.internal.util.Preconditions.checkIndex(Preconditions.java:248)
at java.base/java.util.Objects.checkIndex(Objects.java:359)
at java.base/java.util.ArrayList.get(ArrayList.java:427)
at java.base/jdk.internal.reflect.NativeMethodAccessorImpl.invoke0(Native Method)
at java.base/jdk.internal.reflect.NativeMethodAccessorImpl.invoke(NativeMethodAccessorImpl.java:64)
at java.base/jdk.internal.reflect.DelegatingMethodAccessorImpl.invoke(DelegatingMethodAccessorImpl.java:43)
at java.base/java.lang.reflect.Method.invoke(Method.java:564)
at org.openqa.selenium.support.pagefactory.internal.LocatingElementListHandler.invoke(LocatingElementListHandler.java:39)
at com.sun.proxy.$Proxy15.get(Unknown Source)
at com.communitake.tests.automation.webpageobject.AndroidRestrictionsPage.blockWiFi(AndroidRestrictionsPage.java:100)
at com.communitake.tests.automation.gms.FacilitiesTests.wifi1(FacilitiesTests.java:119)
at java.base/jdk.internal.reflect.NativeMethodAccessorImpl.invoke0(Native Method)
at java.base/jdk.internal.reflect.NativeMethodAccessorImpl.invoke(NativeMethodAccessorImpl.java:64)
at java.base/jdk.internal.reflect.DelegatingMethodAccessorImpl.invoke(DelegatingMethodAccessorImpl.java:43)
at java.base/java.lang.reflect.Method.invoke(Method.java:564)
at org.testng.internal.MethodInvocationHelper.invokeMethod(MethodInvocationHelper.java:132)
at org.testng.internal.TestInvoker.invokeMethod(TestInvoker.java:599)
at org.testng.internal.TestInvoker.invokeTestMethod(TestInvoker.java:174)
at org.testng.internal.MethodRunner.runInSequence(MethodRunner.java:46)
at org.testng.internal.TestInvoker$MethodInvocationAgent.invoke(TestInvoker.java:822)
at org.testng.internal.TestInvoker.invokeTestMethods(TestInvoker.java:147)
at org.testng.internal.TestMethodWorker.invokeTestMethods(TestMethodWorker.java:146)
at org.testng.internal.TestMethodWorker.run(TestMethodWorker.java:128)
at java.base/java.util.ArrayList.forEach(ArrayList.java:1511)
at org.testng.TestRunner.privateRun(TestRunner.java:764)
at org.testng.TestRunner.run(TestRunner.java:585)
at org.testng.SuiteRunner.runTest(SuiteRunner.java:384)
at org.testng.SuiteRunner.runSequentially(SuiteRunner.java:378)
at org.testng.SuiteRunner.privateRun(SuiteRunner.java:337)
at org.testng.SuiteRunner.run(SuiteRunner.java:286)
at org.testng.SuiteRunnerWorker.runSuite(SuiteRunnerWorker.java:53)
at org.testng.SuiteRunnerWorker.run(SuiteRunnerWorker.java:96)
at org.testng.TestNG.runSuitesSequentially(TestNG.java:1218)
at org.testng.TestNG.runSuitesLocally(TestNG.java:1140)
at org.testng.TestNG.runSuites(TestNG.java:1069)
at org.testng.TestNG.run(TestNG.java:1037)
at org.testng.remote.AbstractRemoteTestNG.run(AbstractRemoteTestNG.java:115)
at org.testng.remote.RemoteTestNG.initAndRun(RemoteTestNG.java:251)
at org.testng.remote.RemoteTestNG.main(RemoteTestNG.java:77)
]]>
            </full-stacktrace>
          </exception> <!-- java.lang.IndexOutOfBoundsException -->
          <reporter-output>
          </reporter-output>
        </test-method> <!-- wifi1 -->
        <test-method is-config="true" signature="tearDown()[pri:0, instance:com.communitake.tests.automation.gms.FacilitiesTests@7fee8714]" started-at="2021-01-04T05:28:38 IST" name="tearDown" finished-at="2021-01-04T05:28:41 IST" duration-ms="2724" status="PASS">
          <reporter-output>
          </reporter-output>
        </test-method> <!-- tearDown -->
      </class> <!-- com.communitake.tests.automation.gms.FacilitiesTests -->
    </test> <!-- Default test -->
  </suite> <!-- Default suite -->
</testng-results>
